#
# There is insufficient memory for the Java Runtime Environment to continue.
# Native memory allocation (malloc) failed to allocate 1265136 bytes for Chunk::new
# Possible reasons:
#   The system is out of physical RAM or swap space
#   The process is running with CompressedOops enabled, and the Java Heap may be blocking the growth of the native heap
# Possible solutions:
#   Reduce memory load on the system
#   Increase physical memory or swap space
#   Check if swap backing store is full
#   Decrease Java heap size (-Xmx/-Xms)
#   Decrease number of Java threads
#   Decrease Java thread stack sizes (-Xss)
#   Set larger code cache with -XX:ReservedCodeCacheSize=
#   JVM is running with Unscaled Compressed Oops mode in which the Java heap is
#     placed in the first 4GB address space. The Java Heap base address is the
#     maximum limit for the native heap growth. Please use -XX:HeapBaseMinAddress
#     to set the Java Heap base and to place the Java Heap above 4GB virtual address.
# This output file may be truncated or incomplete.
#
#  Out of Memory Error (allocation.cpp:389), pid=15028, tid=0x0000000000003aec
#
# JRE version: OpenJDK Runtime Environment (8.0_242-b01) (build 1.8.0_242-release-1644-b01)
# Java VM: OpenJDK 64-Bit Server VM (25.242-b01 mixed mode windows-amd64 compressed oops)
# Failed to write core dump. Minidumps are not enabled by default on client versions of Windows
#

---------------  T H R E A D  ---------------

Current thread (0x0000000019dc7000):  JavaThread "C2 CompilerThread2" daemon [_thread_in_native, id=15084, stack(0x000000001a890000,0x000000001a990000)]

Stack: [0x000000001a890000,0x000000001a990000]
[error occurred during error reporting (printing stack bounds), id 0xc0000005]

Native frames: (J=compiled Java code, j=interpreted, Vv=VM code, C=native code)


Current CompileTask:
C2:4343281 24601       4       java.io.ObjectInputStream::readClassDesc (128 bytes)


---------------  P R O C E S S  ---------------

Java Threads: ( => current thread )
  0x0000000020a47000 JavaThread "stdout" [_thread_in_native, id=14708, stack(0x000000002f220000,0x000000002f320000)]
  0x0000000020a42800 JavaThread "stderr" [_thread_in_native, id=17392, stack(0x000000002f120000,0x000000002f220000)]
  0x0000000020a39800 JavaThread "stdout" [_thread_in_native, id=16784, stack(0x000000002f020000,0x000000002f120000)]
  0x0000000020a3c000 JavaThread "stderr" [_thread_in_native, id=15088, stack(0x000000002ef20000,0x000000002f020000)]
  0x000000001cbfd800 JavaThread "stdout" [_thread_in_native, id=6988, stack(0x000000002ec20000,0x000000002ed20000)]
  0x000000001cbfc000 JavaThread "stderr" [_thread_in_native, id=12000, stack(0x000000002dae0000,0x000000002dbe0000)]
  0x000000001cbf2000 JavaThread "stdout" [_thread_in_native, id=4488, stack(0x000000002d7e0000,0x000000002d8e0000)]
  0x000000001cbf1000 JavaThread "stderr" [_thread_in_native, id=4740, stack(0x000000002d6e0000,0x000000002d7e0000)]
  0x000000001cbf5000 JavaThread "stdout" [_thread_in_native, id=16660, stack(0x000000002d5e0000,0x000000002d6e0000)]
  0x000000001cbf8000 JavaThread "stderr" [_thread_in_native, id=2072, stack(0x000000002d4e0000,0x000000002d5e0000)]
  0x000000002188d800 JavaThread "stdout" [_thread_in_native, id=3892, stack(0x000000002d3e0000,0x000000002d4e0000)]
  0x000000002188d000 JavaThread "stderr" [_thread_in_native, id=16392, stack(0x000000002d2e0000,0x000000002d3e0000)]
  0x000000002188e800 JavaThread "pool-25-thread-1" [_thread_blocked, id=6892, stack(0x000000002d1e0000,0x000000002d2e0000)]
  0x0000000021884800 JavaThread "WorkerExecutor Queue Thread 8" [_thread_blocked, id=8064, stack(0x000000002d0e0000,0x000000002d1e0000)]
  0x000000002188b800 JavaThread "MarlinRenderer Disposer" daemon [_thread_blocked, id=11276, stack(0x000000002bd50000,0x000000002be50000)]
  0x0000000021886000 JavaThread "Java2D Disposer" daemon [_thread_blocked, id=13268, stack(0x000000002b8e0000,0x000000002b9e0000)]
  0x0000000021884000 JavaThread "WorkerExecutor Queue Thread 7" [_thread_blocked, id=9000, stack(0x000000002bc50000,0x000000002bd50000)]
  0x000000002188a800 JavaThread "WorkerExecutor Queue Thread 6" [_thread_blocked, id=10872, stack(0x000000002bb50000,0x000000002bc50000)]
  0x000000002188a000 JavaThread "WorkerExecutor Queue Thread 5" [_thread_blocked, id=3416, stack(0x000000002ba50000,0x000000002bb50000)]
  0x0000000021887000 JavaThread "WorkerExecutor Queue Thread 4" [_thread_blocked, id=6912, stack(0x000000002b7e0000,0x000000002b8e0000)]
  0x0000000021881800 JavaThread "WorkerExecutor Queue Thread 3" [_thread_blocked, id=2560, stack(0x000000002b6e0000,0x000000002b7e0000)]
  0x0000000021881000 JavaThread "WorkerExecutor Queue Thread 2" [_thread_blocked, id=4556, stack(0x000000002b5e0000,0x000000002b6e0000)]
  0x00000000207d0000 JavaThread "WorkerExecutor Queue" [_thread_blocked, id=15068, stack(0x000000002ace0000,0x000000002ade0000)]
  0x00000000207d7000 JavaThread "Cache worker for execution history cache (C:\Users\Nguyen Hoang Thanh A\Documents\GitHub\DoAnTotNghiep\.gradle\6.1.1\executionHistory)" [_thread_blocked, id=3260, stack(0x000000002abe0000,0x000000002ace0000)]
  0x00000000207cf800 JavaThread "Execution worker for ':' Thread 7" [_thread_blocked, id=3360, stack(0x000000002aae0000,0x000000002abe0000)]
  0x00000000207d3000 JavaThread "Execution worker for ':' Thread 6" [_thread_blocked, id=17272, stack(0x000000002a9e0000,0x000000002aae0000)]
  0x00000000207d6000 JavaThread "Execution worker for ':' Thread 5" [_thread_blocked, id=7548, stack(0x000000002a4b0000,0x000000002a5b0000)]
  0x00000000207d2800 JavaThread "Execution worker for ':' Thread 4" [_thread_blocked, id=5040, stack(0x000000002a3b0000,0x000000002a4b0000)]
  0x00000000207d5800 JavaThread "Execution worker for ':' Thread 3" [_thread_blocked, id=2780, stack(0x0000000029db0000,0x0000000029eb0000)]
  0x00000000207c8000 JavaThread "Execution worker for ':' Thread 2" [_thread_blocked, id=1372, stack(0x0000000028c20000,0x0000000028d20000)]
  0x00000000207ce800 JavaThread "Execution worker for ':'" [_thread_in_Java, id=14252, stack(0x0000000028260000,0x0000000028360000)]
  0x00000000207cb800 JavaThread "Cache worker for file content cache (C:\Users\Nguyen Hoang Thanh A\Documents\GitHub\DoAnTotNghiep\.gradle\6.1.1\fileContent)" [_thread_blocked, id=2900, stack(0x0000000027f60000,0x0000000028060000)]
  0x00000000207cd000 JavaThread "Cache worker for Build Output Cleanup Cache (C:\Users\Nguyen Hoang Thanh A\Documents\GitHub\DoAnTotNghiep\.gradle\buildOutputCleanup)" [_thread_blocked, id=16360, stack(0x0000000027e60000,0x0000000027f60000)]
  0x00000000207ca000 JavaThread "pool-24-thread-1" [_thread_blocked, id=12196, stack(0x0000000027530000,0x0000000027630000)]
  0x00000000207cc800 JavaThread "Build operations Thread 8" [_thread_blocked, id=11612, stack(0x0000000027030000,0x0000000027130000)]
  0x00000000207c9800 JavaThread "Build operations Thread 7" [_thread_blocked, id=5672, stack(0x00000000250d0000,0x00000000251d0000)]
  0x00000000207ce000 JavaThread "Build operations Thread 6" [_thread_blocked, id=12540, stack(0x0000000024fd0000,0x00000000250d0000)]
  0x00000000207cb000 JavaThread "Build operations Thread 5" [_thread_blocked, id=8704, stack(0x0000000024ed0000,0x0000000024fd0000)]
  0x0000000026086800 JavaThread "Build operations Thread 4" [_thread_blocked, id=14436, stack(0x0000000024dd0000,0x0000000024ed0000)]
  0x0000000026085800 JavaThread "Build operations Thread 3" [_thread_blocked, id=15852, stack(0x0000000024cd0000,0x0000000024dd0000)]
  0x0000000026082800 JavaThread "Build operations Thread 2" [_thread_blocked, id=5988, stack(0x0000000024bd0000,0x0000000024cd0000)]
  0x000000002607b000 JavaThread "Build operations" [_thread_blocked, id=9456, stack(0x0000000023650000,0x0000000023750000)]
  0x0000000026082000 JavaThread "Cache worker for cache directory md-rule (C:\Users\Nguyen Hoang Thanh A\.gradle\caches\6.1.1\md-rule)" [_thread_blocked, id=13140, stack(0x00000000232a0000,0x00000000233a0000)]
  0x000000002607a800 JavaThread "Cache worker for cache directory md-supplier (C:\Users\Nguyen Hoang Thanh A\.gradle\caches\6.1.1\md-supplier)" [_thread_blocked, id=14856, stack(0x0000000022650000,0x0000000022750000)]
  0x0000000026081000 JavaThread "Cache worker for file hash cache (C:\Users\Nguyen Hoang Thanh A\Documents\GitHub\DoAnTotNghiep\.gradle\6.1.1\fileHashes)" [_thread_blocked, id=7804, stack(0x0000000022550000,0x0000000022650000)]
  0x0000000026080800 JavaThread "Cache worker for checksums cache (C:\Users\Nguyen Hoang Thanh A\Documents\GitHub\DoAnTotNghiep\.gradle\checksums)" [_thread_blocked, id=11228, stack(0x0000000021150000,0x0000000021250000)]
  0x000000002607f800 JavaThread "Thread-317" [_thread_blocked, id=13916, stack(0x0000000021050000,0x0000000021150000)]
  0x000000002607f000 JavaThread "Stdin handler" [_thread_blocked, id=4628, stack(0x000000001e1b0000,0x000000001e2b0000)]
  0x0000000026077800 JavaThread "Asynchronous log dispatcher for DefaultDaemonConnection: socket connection from /127.0.0.1:52581 to /127.0.0.1:55032" [_thread_blocked, id=9008, stack(0x000000001deb0000,0x000000001dfb0000)]
  0x000000002607e000 JavaThread "Daemon worker Thread 7" [_thread_blocked, id=13148, stack(0x000000001ddb0000,0x000000001deb0000)]
  0x0000000026079800 JavaThread "Cancel handler" [_thread_blocked, id=5940, stack(0x0000000001320000,0x0000000001420000)]
  0x000000002607d800 JavaThread "Handler for socket connection from /127.0.0.1:52581 to /127.0.0.1:55032" [_thread_in_native, id=4948, stack(0x0000000001220000,0x0000000001320000)]
  0x000000002607c800 JavaThread "Daemon Thread 7" [_thread_blocked, id=11300, stack(0x0000000001120000,0x0000000001220000)]
  0x0000000021887800 JavaThread "Cache worker for Java compile cache (C:\Users\Nguyen Hoang Thanh A\.gradle\caches\6.1.1\javaCompile)" [_thread_blocked, id=16664, stack(0x000000002a2b0000,0x000000002a3b0000)]
  0x000000001cbfc800 JavaThread "Cache worker for file content cache (C:\Users\Nguyen Hoang Thanh A\.gradle\caches\6.1.1\fileContent)" [_thread_blocked, id=9276, stack(0x0000000026f30000,0x0000000027030000)]
  0x000000001cbf9800 JavaThread "Memory manager" [_thread_blocked, id=8388, stack(0x0000000026e30000,0x0000000026f30000)]
  0x000000001c9a6000 JavaThread "Cache worker for execution history cache (C:\Users\Nguyen Hoang Thanh A\.gradle\caches\6.1.1\executionHistory)" [_thread_blocked, id=13476, stack(0x0000000021250000,0x0000000021350000)]
  0x000000001c9a4000 JavaThread "Cache worker for file hash cache (C:\Users\Nguyen Hoang Thanh A\.gradle\caches\6.1.1\fileHashes)" [_thread_blocked, id=12760, stack(0x000000001ebb0000,0x000000001ecb0000)]
  0x000000001c9ab000 JavaThread "File lock request listener" [_thread_in_native, id=4852, stack(0x000000001eab0000,0x000000001ebb0000)]
  0x000000001c9a1000 JavaThread "Cache worker for journal cache (C:\Users\Nguyen Hoang Thanh A\.gradle\caches\journal-1)" [_thread_blocked, id=7960, stack(0x000000001e9b0000,0x000000001eab0000)]
  0x000000001c6e1800 JavaThread "Daemon periodic checks" [_thread_blocked, id=10792, stack(0x000000001dcb0000,0x000000001ddb0000)]
  0x000000001b9da000 JavaThread "Incoming local TCP Connector on port 52581" [_thread_in_native, id=1504, stack(0x000000001da70000,0x000000001db70000)]
  0x000000001c7d8800 JavaThread "Daemon health stats" [_thread_blocked, id=17060, stack(0x000000001d430000,0x000000001d530000)]
  0x0000000019e53800 JavaThread "Service Thread" daemon [_thread_blocked, id=10436, stack(0x000000001aa90000,0x000000001ab90000)]
  0x0000000019dcc000 JavaThread "C1 CompilerThread3" daemon [_thread_blocked, id=7472, stack(0x000000001a990000,0x000000001aa90000)]
=>0x0000000019dc7000 JavaThread "C2 CompilerThread2" daemon [_thread_in_native, id=15084, stack(0x000000001a890000,0x000000001a990000)]
  0x0000000017fdb800 JavaThread "C2 CompilerThread1" daemon [_thread_in_native, id=1608, stack(0x000000001a790000,0x000000001a890000)]
  0x0000000019dc6000 JavaThread "C2 CompilerThread0" daemon [_thread_in_native, id=2468, stack(0x000000001a690000,0x000000001a790000)]
  0x0000000019dc4000 JavaThread "Attach Listener" daemon [_thread_blocked, id=12056, stack(0x000000001a590000,0x000000001a690000)]
  0x0000000019dc2800 JavaThread "Signal Dispatcher" daemon [_thread_blocked, id=4580, stack(0x000000001a490000,0x000000001a590000)]
  0x0000000019db1000 JavaThread "Finalizer" daemon [_thread_blocked, id=14788, stack(0x000000001a290000,0x000000001a390000)]
  0x0000000019db0800 JavaThread "Reference Handler" daemon [_thread_blocked, id=8468, stack(0x000000001a190000,0x000000001a290000)]
  0x0000000002e62800 JavaThread "main" [_thread_blocked, id=1064, stack(0x0000000002d60000,0x0000000002e60000)]

Other Threads:
  0x0000000017fc6800 VMThread [stack: 0x0000000019c90000,0x0000000019d90000] [id=17240]
  0x0000000019e54800 WatcherThread [stack: 0x000000001ab90000,0x000000001ac90000] [id=10968]

VM state:not at safepoint (normal execution)

VM Mutex/Monitor currently owned by a thread: None

heap address: 0x0000000080000000, size: 2048 MB, Compressed Oops mode: 32-bit
Narrow klass base: 0x0000000000000000, Narrow klass shift: 3
Compressed class space size: 1073741824 Address: 0x0000000100000000

Heap:
 PSYoungGen      total 580096K, used 486798K [0x00000000d5580000, 0x00000000ff680000, 0x0000000100000000)
  eden space 481280K, 94% used [0x00000000d5580000,0x00000000f1376048,0x00000000f2b80000)
  from space 98816K, 30% used [0x00000000f9600000,0x00000000fb3aea20,0x00000000ff680000)
  to   space 103936K, 0% used [0x00000000f2b80000,0x00000000f2b80000,0x00000000f9100000)
 ParOldGen       total 347648K, used 185970K [0x0000000080000000, 0x0000000095380000, 0x00000000d5580000)
  object space 347648K, 53% used [0x0000000080000000,0x000000008b59ca48,0x0000000095380000)
 Metaspace       used 105020K, capacity 111282K, committed 111536K, reserved 1146880K
  class space    used 13600K, capacity 14741K, committed 14768K, reserved 1048576K

Card table byte_map: [0x0000000012320000,0x0000000012730000] byte_map_base: 0x0000000011f20000

Marking Bits: (ParMarkBitMap*) 0x00000000721af030
 Begin Bits: [0x00000000131e0000, 0x00000000151e0000)
 End Bits:   [0x00000000151e0000, 0x00000000171e0000)

Polling page: 0x00000000014b0000

CodeCache: size=245760Kb used=66034Kb max_used=66042Kb free=179726Kb
 bounds [0x0000000002f60000, 0x0000000007040000, 0x0000000011f60000]
 total_blobs=19388 nmethods=18389 adapters=910
 compilation: enabled

Compilation events (10 events):
Event: 4343.054 Thread 0x0000000019dc6000 nmethod 24605 0x000000000702f190 code [0x000000000702f400, 0x000000000702f618]
Event: 4343.082 Thread 0x0000000019dc6000 24607       4       java.nio.charset.Charset::lookup (44 bytes)
Event: 4343.085 Thread 0x0000000019dc6000 nmethod 24607 0x00000000070302d0 code [0x0000000007030420, 0x0000000007030628]
Event: 4343.103 Thread 0x0000000019dc6000 24608 %     4       java.security.AccessControlContext::combine @ 104 (205 bytes)
Event: 4343.119 Thread 0x0000000019dc6000 nmethod 24608% 0x000000000702e690 code [0x000000000702e800, 0x000000000702edf8]
Event: 4343.131 Thread 0x0000000019dc6000 24609       4       java.io.BufferedReader::readLine (6 bytes)
Event: 4343.132 Thread 0x0000000019dc6000 nmethod 24609 0x000000000702e410 code [0x000000000702e560, 0x000000000702e5e8]
Event: 4343.144 Thread 0x0000000019dcc000 24610   !   3       java.lang.ThreadGroup::add (110 bytes)
Event: 4343.145 Thread 0x0000000019dcc000 nmethod 24610 0x0000000007034b90 code [0x0000000007034d60, 0x0000000007035618]
Event: 4343.268 Thread 0x0000000019dc6000 24611   !   4       java.nio.file.FileTreeWalker::next (144 bytes)

GC Heap History (10 events):
Event: 2982.551 GC heap before
{Heap before GC invocations=29 (full 5):
 PSYoungGen      total 425984K, used 379600K [0x00000000d5580000, 0x00000000fa900000, 0x0000000100000000)
  eden space 380416K, 99% used [0x00000000d5580000,0x00000000ec834238,0x00000000ec900000)
  from space 45568K, 0% used [0x00000000ec900000,0x00000000ec900000,0x00000000ef580000)
  to   space 82944K, 0% used [0x00000000f5800000,0x00000000f5800000,0x00000000fa900000)
 ParOldGen       total 347648K, used 166742K [0x0000000080000000, 0x0000000095380000, 0x00000000d5580000)
  object space 347648K, 47% used [0x0000000080000000,0x000000008a2d5bf8,0x0000000095380000)
 Metaspace       used 93616K, capacity 98264K, committed 98992K, reserved 1134592K
  class space    used 12116K, capacity 12977K, committed 13232K, reserved 1048576K
Event: 2982.711 GC heap after
Heap after GC invocations=29 (full 5):
 PSYoungGen      total 520192K, used 63493K [0x00000000d5580000, 0x00000000fb600000, 0x0000000100000000)
  eden space 437248K, 0% used [0x00000000d5580000,0x00000000d5580000,0x00000000f0080000)
  from space 82944K, 76% used [0x00000000f5800000,0x00000000f9601438,0x00000000fa900000)
  to   space 89600K, 0% used [0x00000000f0080000,0x00000000f0080000,0x00000000f5800000)
 ParOldGen       total 347648K, used 166750K [0x0000000080000000, 0x0000000095380000, 0x00000000d5580000)
  object space 347648K, 47% used [0x0000000080000000,0x000000008a2d7bf8,0x0000000095380000)
 Metaspace       used 93616K, capacity 98264K, committed 98992K, reserved 1134592K
  class space    used 12116K, capacity 12977K, committed 13232K, reserved 1048576K
}
Event: 3098.919 GC heap before
{Heap before GC invocations=30 (full 5):
 PSYoungGen      total 520192K, used 500741K [0x00000000d5580000, 0x00000000fb600000, 0x0000000100000000)
  eden space 437248K, 100% used [0x00000000d5580000,0x00000000f0080000,0x00000000f0080000)
  from space 82944K, 76% used [0x00000000f5800000,0x00000000f9601438,0x00000000fa900000)
  to   space 89600K, 0% used [0x00000000f0080000,0x00000000f0080000,0x00000000f5800000)
 ParOldGen       total 347648K, used 166750K [0x0000000080000000, 0x0000000095380000, 0x00000000d5580000)
  object space 347648K, 47% used [0x0000000080000000,0x000000008a2d7bf8,0x0000000095380000)
 Metaspace       used 93782K, capacity 98466K, committed 98992K, reserved 1134592K
  class space    used 12126K, capacity 12990K, committed 13232K, reserved 1048576K
Event: 3099.061 GC heap after
Heap after GC invocations=30 (full 5):
 PSYoungGen      total 526848K, used 18122K [0x00000000d5580000, 0x00000000fd780000, 0x0000000100000000)
  eden space 437248K, 0% used [0x00000000d5580000,0x00000000d5580000,0x00000000f0080000)
  from space 89600K, 20% used [0x00000000f0080000,0x00000000f1232a30,0x00000000f5800000)
  to   space 87040K, 0% used [0x00000000f8280000,0x00000000f8280000,0x00000000fd780000)
 ParOldGen       total 347648K, used 166758K [0x0000000080000000, 0x0000000095380000, 0x00000000d5580000)
  object space 347648K, 47% used [0x0000000080000000,0x000000008a2d9bf8,0x0000000095380000)
 Metaspace       used 93782K, capacity 98466K, committed 98992K, reserved 1134592K
  class space    used 12126K, capacity 12990K, committed 13232K, reserved 1048576K
}
Event: 3101.885 GC heap before
{Heap before GC invocations=31 (full 5):
 PSYoungGen      total 526848K, used 454622K [0x00000000d5580000, 0x00000000fd780000, 0x0000000100000000)
  eden space 437248K, 99% used [0x00000000d5580000,0x00000000effc4fa0,0x00000000f0080000)
  from space 89600K, 20% used [0x00000000f0080000,0x00000000f1232a30,0x00000000f5800000)
  to   space 87040K, 0% used [0x00000000f8280000,0x00000000f8280000,0x00000000fd780000)
 ParOldGen       total 347648K, used 166758K [0x0000000080000000, 0x0000000095380000, 0x00000000d5580000)
  object space 347648K, 47% used [0x0000000080000000,0x000000008a2d9bf8,0x0000000095380000)
 Metaspace       used 93964K, capacity 98618K, committed 99248K, reserved 1134592K
  class space    used 12126K, capacity 12990K, committed 13232K, reserved 1048576K
Event: 3102.043 GC heap after
Heap after GC invocations=31 (full 5):
 PSYoungGen      total 548352K, used 87012K [0x00000000d5580000, 0x0000000100000000, 0x0000000100000000)
  eden space 461312K, 0% used [0x00000000d5580000,0x00000000d5580000,0x00000000f1800000)
  from space 87040K, 99% used [0x00000000f8280000,0x00000000fd7790d8,0x00000000fd780000)
  to   space 109056K, 0% used [0x00000000f1800000,0x00000000f1800000,0x00000000f8280000)
 ParOldGen       total 347648K, used 185954K [0x0000000080000000, 0x0000000095380000, 0x00000000d5580000)
  object space 347648K, 53% used [0x0000000080000000,0x000000008b598a48,0x0000000095380000)
 Metaspace       used 93964K, capacity 98618K, committed 99248K, reserved 1134592K
  class space    used 12126K, capacity 12990K, committed 13232K, reserved 1048576K
}
Event: 3135.744 GC heap before
{Heap before GC invocations=32 (full 5):
 PSYoungGen      total 548352K, used 541590K [0x00000000d5580000, 0x0000000100000000, 0x0000000100000000)
  eden space 461312K, 98% used [0x00000000d5580000,0x00000000f116c7d8,0x00000000f1800000)
  from space 87040K, 99% used [0x00000000f8280000,0x00000000fd7790d8,0x00000000fd780000)
  to   space 109056K, 0% used [0x00000000f1800000,0x00000000f1800000,0x00000000f8280000)
 ParOldGen       total 347648K, used 185954K [0x0000000080000000, 0x0000000095380000, 0x00000000d5580000)
  object space 347648K, 53% used [0x0000000080000000,0x000000008b598a48,0x0000000095380000)
 Metaspace       used 94611K, capacity 99976K, committed 100016K, reserved 1136640K
  class space    used 12237K, capacity 13195K, committed 13232K, reserved 1048576K
Event: 3135.816 GC heap after
Heap after GC invocations=32 (full 5):
 PSYoungGen      total 570368K, used 57900K [0x00000000d5580000, 0x0000000100000000, 0x0000000100000000)
  eden space 461312K, 0% used [0x00000000d5580000,0x00000000d5580000,0x00000000f1800000)
  from space 109056K, 53% used [0x00000000f1800000,0x00000000f508b2a0,0x00000000f8280000)
  to   space 108544K, 0% used [0x00000000f9600000,0x00000000f9600000,0x0000000100000000)
 ParOldGen       total 347648K, used 185962K [0x0000000080000000, 0x0000000095380000, 0x00000000d5580000)
  object space 347648K, 53% used [0x0000000080000000,0x000000008b59aa48,0x0000000095380000)
 Metaspace       used 94611K, capacity 99976K, committed 100016K, reserved 1136640K
  class space    used 12237K, capacity 13195K, committed 13232K, reserved 1048576K
}
Event: 3665.036 GC heap before
{Heap before GC invocations=33 (full 5):
 PSYoungGen      total 570368K, used 519212K [0x00000000d5580000, 0x0000000100000000, 0x0000000100000000)
  eden space 461312K, 100% used [0x00000000d5580000,0x00000000f1800000,0x00000000f1800000)
  from space 109056K, 53% used [0x00000000f1800000,0x00000000f508b2a0,0x00000000f8280000)
  to   space 108544K, 0% used [0x00000000f9600000,0x00000000f9600000,0x0000000100000000)
 ParOldGen       total 347648K, used 185962K [0x0000000080000000, 0x0000000095380000, 0x00000000d5580000)
  object space 347648K, 53% used [0x0000000080000000,0x000000008b59aa48,0x0000000095380000)
 Metaspace       used 95977K, capacity 101922K, committed 102064K, reserved 1138688K
  class space    used 12445K, capacity 13459K, committed 13488K, reserved 1048576K
Event: 3665.153 GC heap after
Heap after GC invocations=33 (full 5):
 PSYoungGen      total 580096K, used 30394K [0x00000000d5580000, 0x00000000ff680000, 0x0000000100000000)
  eden space 481280K, 0% used [0x00000000d5580000,0x00000000d5580000,0x00000000f2b80000)
  from space 98816K, 30% used [0x00000000f9600000,0x00000000fb3aea20,0x00000000ff680000)
  to   space 103936K, 0% used [0x00000000f2b80000,0x00000000f2b80000,0x00000000f9100000)
 ParOldGen       total 347648K, used 185970K [0x0000000080000000, 0x0000000095380000, 0x00000000d5580000)
  object space 347648K, 53% used [0x0000000080000000,0x000000008b59ca48,0x0000000095380000)
 Metaspace       used 95977K, capacity 101922K, committed 102064K, reserved 1138688K
  class space    used 12445K, capacity 13459K, committed 13488K, reserved 1048576K
}

Deoptimization events (10 events):
Event: 4342.356 Thread 0x000000002607e000 Uncommon trap: reason=class_check action=maybe_recompile pc=0x00000000047d0104 method=com.android.ide.common.resources.MergedResourceWriter.addItem(Lcom/android/ide/common/resources/ResourceMergerItem;)V @ 53
Event: 4342.559 Thread 0x0000000021881000 Uncommon trap: reason=unstable_if action=reinterpret pc=0x00000000036e63dc method=sun.misc.MetaIndex.mayContain(Ljava/lang/String;)Z @ 38
Event: 4342.615 Thread 0x0000000021881000 Uncommon trap: reason=unstable_if action=reinterpret pc=0x0000000004682954 method=java.io.WinNTFileSystem.prefixLength(Ljava/lang/String;)I @ 42
Event: 4342.652 Thread 0x0000000021881000 Uncommon trap: reason=array_check action=maybe_recompile pc=0x0000000006a310ec method=java.util.TimSort.mergeHi(IIII)V @ 101
Event: 4342.652 Thread 0x0000000021881000 Uncommon trap: reason=array_check action=maybe_recompile pc=0x0000000006a310ec method=java.util.TimSort.mergeHi(IIII)V @ 101
Event: 4342.653 Thread 0x0000000021881000 Uncommon trap: reason=array_check action=maybe_recompile pc=0x0000000004dddf70 method=java.util.TimSort.mergeLo(IIII)V @ 212
Event: 4342.653 Thread 0x0000000021881000 Uncommon trap: reason=array_check action=maybe_recompile pc=0x0000000005a94b2c method=java.util.TimSort.mergeHi(IIII)V @ 282
Event: 4342.665 Thread 0x00000000207d0000 Uncommon trap: reason=bimorphic action=maybe_recompile pc=0x0000000006ebcd38 method=java.util.Hashtable.addEntry(ILjava/lang/Object;Ljava/lang/Object;I)V @ 38
Event: 4342.763 Thread 0x000000002188a800 Uncommon trap: reason=bimorphic action=maybe_recompile pc=0x0000000006ebcd38 method=java.util.Hashtable.addEntry(ILjava/lang/Object;Ljava/lang/Object;I)V @ 38
Event: 4343.258 Thread 0x0000000021884000 Uncommon trap: reason=unstable_if action=reinterpret pc=0x000000000549a9e0 method=org.gradle.internal.operations.DefaultBuildOperationExecutor$3.stop()V @ 61

Classes redefined (0 events):
No events

Internal exceptions (10 events):
Event: 4342.285 Thread 0x000000002607e000 Exception <a 'java/lang/NoSuchMethodError': <clinit>> (0x00000000ee50f898) thrown at [C:\src\AOSP-openjdk-git\hotspot\src\share\vm\prims\jni.cpp, line 1615]
Event: 4342.294 Thread 0x000000002607e000 Exception <a 'java/lang/NoSuchMethodError': <clinit>> (0x00000000ee52cb50) thrown at [C:\src\AOSP-openjdk-git\hotspot\src\share\vm\prims\jni.cpp, line 1615]
Event: 4342.295 Thread 0x000000002607e000 Exception <a 'java/lang/NoSuchMethodError': <clinit>> (0x00000000ee547578) thrown at [C:\src\AOSP-openjdk-git\hotspot\src\share\vm\prims\jni.cpp, line 1615]
Event: 4342.297 Thread 0x000000002607e000 Exception <a 'java/lang/NoSuchMethodError': <clinit>> (0x00000000ee56c268) thrown at [C:\src\AOSP-openjdk-git\hotspot\src\share\vm\prims\jni.cpp, line 1615]
Event: 4342.299 Thread 0x000000002607e000 Exception <a 'java/lang/NoSuchMethodError': <clinit>> (0x00000000ee582e10) thrown at [C:\src\AOSP-openjdk-git\hotspot\src\share\vm\prims\jni.cpp, line 1615]
Event: 4342.528 Thread 0x000000002188a000 Exception <a 'java/io/FileNotFoundException'> (0x00000000eed15ae8) thrown at [C:\src\AOSP-openjdk-git\hotspot\src\share\vm\prims\jni.cpp, line 710]
Event: 4342.615 Thread 0x0000000021881000 Exception <a 'java/io/FileNotFoundException'> (0x00000000eed9baf0) thrown at [C:\src\AOSP-openjdk-git\hotspot\src\share\vm\prims\jni.cpp, line 710]
Event: 4343.019 Thread 0x000000002607e000 Exception <a 'java/lang/NoSuchMethodError': <clinit>> (0x00000000f03a7428) thrown at [C:\src\AOSP-openjdk-git\hotspot\src\share\vm\prims\jni.cpp, line 1615]
Event: 4343.021 Thread 0x000000002607e000 Exception <a 'java/lang/NoSuchMethodError': <clinit>> (0x00000000f09912e0) thrown at [C:\src\AOSP-openjdk-git\hotspot\src\share\vm\prims\jni.cpp, line 1615]
Event: 4343.255 Thread 0x0000000021884000 Exception <a 'java/io/IOException'> (0x00000000eecab8e0) thrown at [C:\src\AOSP-openjdk-git\hotspot\src\share\vm\prims\jni.cpp, line 710]

Events (10 events):
Event: 4343.252 Executing VM operation: RevokeBias done
Event: 4343.253 Thread 0x000000001cbf2800 Thread exited: 0x000000001cbf2800
Event: 4343.253 Executing VM operation: RevokeBias
Event: 4343.253 Executing VM operation: RevokeBias done
Event: 4343.253 Thread 0x000000001cbfa800 Thread exited: 0x000000001cbfa800
Event: 4343.258 Thread 0x0000000021884000 Uncommon trap: trap_request=0xffffff65 fr.pc=0x000000000549a9e0
Event: 4343.258 Thread 0x0000000021884000 DEOPT PACKING pc=0x000000000549a9e0 sp=0x000000002bd4ea10
Event: 4343.258 Thread 0x0000000021884000 DEOPT UNPACKING pc=0x0000000002fa557b sp=0x000000002bd4e9e8 mode 2
Event: 4343.275 Executing VM operation: RevokeBias
Event: 4343.275 Executing VM operation: RevokeBias done


Dynamic libraries:
0x00007ff7afba0000 - 0x00007ff7afbd1000 	C:\Program Files\Android\Android Studio\jre\bin\java.exe
0x00007fff076d0000 - 0x00007fff078c5000 	C:\WINDOWS\SYSTEM32\ntdll.dll
0x00007ffed58e0000 - 0x00007ffed58f3000 	C:\Program Files\Avast Software\Avast\aswhook.dll
0x00007fff06560000 - 0x00007fff0661d000 	C:\WINDOWS\System32\KERNEL32.DLL
0x00007fff04f70000 - 0x00007fff05238000 	C:\WINDOWS\System32\KERNELBASE.dll
0x00007fff075e0000 - 0x00007fff0768c000 	C:\WINDOWS\System32\ADVAPI32.dll
0x00007fff074c0000 - 0x00007fff0755e000 	C:\WINDOWS\System32\msvcrt.dll
0x00007fff07110000 - 0x00007fff071ab000 	C:\WINDOWS\System32\sechost.dll
0x00007fff06400000 - 0x00007fff0652b000 	C:\WINDOWS\System32\RPCRT4.dll
0x00007fff06620000 - 0x00007fff067c0000 	C:\WINDOWS\System32\USER32.dll
0x00007fff04e10000 - 0x00007fff04e32000 	C:\WINDOWS\System32\win32u.dll
0x00007fff06530000 - 0x00007fff0655a000 	C:\WINDOWS\System32\GDI32.dll
0x00007fff05370000 - 0x00007fff0547b000 	C:\WINDOWS\System32\gdi32full.dll
0x00007fff05530000 - 0x00007fff055cd000 	C:\WINDOWS\System32\msvcp_win.dll
0x00007fff04e40000 - 0x00007fff04f40000 	C:\WINDOWS\System32\ucrtbase.dll
0x00007ffeee4f0000 - 0x00007ffeee78a000 	C:\WINDOWS\WinSxS\amd64_microsoft.windows.common-controls_6595b64144ccf1df_6.0.19041.844_none_ca00b6081b84eb1d\COMCTL32.dll
0x00007fff06070000 - 0x00007fff060a0000 	C:\WINDOWS\System32\IMM32.DLL
0x0000000071780000 - 0x0000000071852000 	C:\Program Files\Android\Android Studio\jre\jre\bin\msvcr100.dll
0x00000000719e0000 - 0x000000007222b000 	C:\Program Files\Android\Android Studio\jre\jre\bin\server\jvm.dll
0x00007fff068f0000 - 0x00007fff068f8000 	C:\WINDOWS\System32\PSAPI.DLL
0x00007ffeecbf0000 - 0x00007ffeecbf9000 	C:\WINDOWS\SYSTEM32\WSOCK32.dll
0x00007ffef1780000 - 0x00007ffef17a7000 	C:\WINDOWS\SYSTEM32\WINMM.dll
0x00007ffefd2d0000 - 0x00007ffefd2da000 	C:\WINDOWS\SYSTEM32\VERSION.dll
0x00007fff06880000 - 0x00007fff068eb000 	C:\WINDOWS\System32\WS2_32.dll
0x00007ffef2190000 - 0x00007ffef219f000 	C:\Program Files\Android\Android Studio\jre\jre\bin\verify.dll
0x00007ffed2b20000 - 0x00007ffed2b49000 	C:\Program Files\Android\Android Studio\jre\jre\bin\java.dll
0x00007ffed2b00000 - 0x00007ffed2b16000 	C:\Program Files\Android\Android Studio\jre\jre\bin\zip.dll
0x00007fff05920000 - 0x00007fff06062000 	C:\WINDOWS\System32\SHELL32.dll
0x00007fff02b40000 - 0x00007fff032d1000 	C:\WINDOWS\SYSTEM32\windows.storage.dll
0x00007fff060a0000 - 0x00007fff063f5000 	C:\WINDOWS\System32\combase.dll
0x00007fff04790000 - 0x00007fff047bc000 	C:\WINDOWS\SYSTEM32\Wldp.dll
0x00007fff067d0000 - 0x00007fff0687e000 	C:\WINDOWS\System32\SHCORE.dll
0x00007fff05730000 - 0x00007fff05785000 	C:\WINDOWS\System32\shlwapi.dll
0x00007fff04d50000 - 0x00007fff04d6f000 	C:\WINDOWS\SYSTEM32\profapi.dll
0x00007ffed2a20000 - 0x00007ffed2a3a000 	C:\Program Files\Android\Android Studio\jre\jre\bin\net.dll
0x00007fff044c0000 - 0x00007fff0452a000 	C:\WINDOWS\system32\mswsock.dll
0x00007ffed2a00000 - 0x00007ffed2a13000 	C:\Program Files\Android\Android Studio\jre\jre\bin\nio.dll
0x00007ffed4130000 - 0x00007ffed4156000 	C:\Users\Nguyen Hoang Thanh A\.gradle\native\31\windows-amd64\native-platform.dll
0x00007ffef1000000 - 0x00007ffef100d000 	C:\Program Files\Android\Android Studio\jre\jre\bin\management.dll
0x00007fff04650000 - 0x00007fff04668000 	C:\WINDOWS\SYSTEM32\CRYPTSP.dll
0x00007fff03e80000 - 0x00007fff03eb4000 	C:\WINDOWS\system32\rsaenh.dll
0x00007fff04f40000 - 0x00007fff04f67000 	C:\WINDOWS\System32\bcrypt.dll
0x00007fff04d10000 - 0x00007fff04d3e000 	C:\WINDOWS\SYSTEM32\USERENV.dll
0x00007fff052f0000 - 0x00007fff05370000 	C:\WINDOWS\System32\bcryptprimitives.dll
0x00007fff04670000 - 0x00007fff0467c000 	C:\WINDOWS\SYSTEM32\CRYPTBASE.dll
0x00007fff041d0000 - 0x00007fff0420b000 	C:\WINDOWS\SYSTEM32\IPHLPAPI.DLL
0x00007fff069c0000 - 0x00007fff069c8000 	C:\WINDOWS\System32\NSI.dll
0x00007ffefc250000 - 0x00007ffefc267000 	C:\WINDOWS\SYSTEM32\dhcpcsvc6.DLL
0x00007ffefc230000 - 0x00007ffefc24d000 	C:\WINDOWS\SYSTEM32\dhcpcsvc.DLL
0x00007fff04210000 - 0x00007fff042dc000 	C:\WINDOWS\SYSTEM32\DNSAPI.dll
0x00007ffebb200000 - 0x00007ffebb39c000 	C:\Program Files\Android\Android Studio\jre\jre\bin\awt.dll
0x00007fff071b0000 - 0x00007fff0727d000 	C:\WINDOWS\System32\OLEAUT32.dll
0x00007fff02850000 - 0x00007fff0287f000 	C:\WINDOWS\SYSTEM32\dwmapi.dll
0x00007fff00fe0000 - 0x00007fff015a0000 	C:\WINDOWS\SYSTEM32\d2d1.dll
0x00007fff023a0000 - 0x00007fff02430000 	C:\WINDOWS\SYSTEM32\apphelp.dll
0x00007fff024a0000 - 0x00007fff0253e000 	C:\WINDOWS\system32\uxtheme.dll

VM Arguments:
jvm_args: -Xmx2048m -Dfile.encoding=windows-1252 -Duser.country=US -Duser.language=en -Duser.variant 
java_command: org.gradle.launcher.daemon.bootstrap.GradleDaemon 6.1.1
java_class_path (initial): C:\Users\Nguyen Hoang Thanh A\.gradle\wrapper\dists\gradle-6.1.1-all\cfmwm155h49vnt3hynmlrsdst\gradle-6.1.1\lib\gradle-launcher-6.1.1.jar
Launcher Type: SUN_STANDARD

Environment Variables:
PATH=C:\Program Files (x86)\Common Files\Oracle\Java\javapath;C:\Program Files (x86)\Intel\Intel(R) Management Engine Components\iCLS\;C:\Program Files\Intel\Intel(R) Management Engine Components\iCLS\;C:\WINDOWS\system32;C:\WINDOWS;C:\WINDOWS\System32\Wbem;C:\WINDOWS\System32\WindowsPowerShell\v1.0\;C:\Program Files (x86)\Intel\Intel(R) Management Engine Components\DAL;C:\Program Files\Intel\Intel(R) Management Engine Components\DAL;C:\Program Files (x86)\Intel\Intel(R) Management Engine Components\IPT;C:\Program Files\Intel\Intel(R) Management Engine Components\IPT;C:\WINDOWS\System32\OpenSSH\;C:\Program Files\Microsoft SQL Server\130\Tools\Binn\;C:\Program Files\dotnet\;C:\Windows\system32;C:\Program Files\nodejs\;C:\Program Files\Docker\Docker\resources\bin;C:\ProgramData\DockerDesktop\version-bin;C:\Program Files\Git\cmd;C:\Ruby26-x64\bin;C:\Users\Nguyen Hoang Thanh A\AppData\Local\Programs\Python\Python38-32\Scripts\;C:\Users\Nguyen Hoang Thanh A\AppData\Local\Programs\Python\Python38-32\;C:\Users\Nguyen Hoang Thanh A\AppData\Local\Microsoft\WindowsApps;C:\Users\Nguyen Hoang Thanh A\AppData\Roaming\npm;C:\Users\Nguyen Hoang Thanh A\AppData\Local\GitHubDesktop\bin
USERNAME=Nguyen Hoang Thanh A
OS=Windows_NT
PROCESSOR_IDENTIFIER=Intel64 Family 6 Model 142 Stepping 10, GenuineIntel



---------------  S Y S T E M  ---------------

OS: Windows 10.0 , 64 bit Build 19041 (10.0.19041.928)

CPU:total 8 (initial active 8) (4 cores per cpu, 2 threads per core) family 6 model 142 stepping 10, cmov, cx8, fxsr, mmx, sse, sse2, sse3, ssse3, sse4.1, sse4.2, popcnt, avx, avx2, aes, clmul, erms, 3dnowpref, lzcnt, ht, tsc, tscinvbit, bmi1, bmi2, adx

Memory: 4k page, physical 8283984k(178120k free), swap 14427984k(12836k free)

vm_info: OpenJDK 64-Bit Server VM (25.242-b01) for windows-amd64 JRE (1.8.0_242-release-1644-b01), built by "builder" with MS VC++ 10.0 (VS2010)

time: Sun Apr 25 10:20:29 2021
timezone: SE Asia Standard Time
elapsed time: 4343 seconds (0d 1h 12m 23s)

