#
# There is insufficient memory for the Java Runtime Environment to continue.
# Native memory allocation (malloc) failed to allocate 1182096 bytes for Chunk::new
# Possible reasons:
#   The system is out of physical RAM or swap space
#   The process is running with CompressedOops enabled, and the Java Heap may be blocking the growth of the native heap
# Possible solutions:
#   Reduce memory load on the system
#   Increase physical memory or swap space
#   Check if swap backing store is full
#   Decrease Java heap size (-Xmx/-Xms)
#   Decrease number of Java threads
#
#  # Java VM: OpenJDK 64-Bit Server VM (25.242-b01 mixed mode windows-amd64 compressed oops)
# Failed to write core dump. Minidumps are not enabled by default on client versions of Windows
#

---------------  T H R E A D  ---------------

Current thread (0x0000000019608000):  JavaThread "C2 CompilerThread2" daemon [_thread_in_native, id=5880, stack(0x000000001a0d0000,0x000000001a1d0000)]

Stack: [0x000000001a0d0000,0x000000001a1d0000]
[error occurred during error reporting (printing stack bounds), id 0xc0000005]

Native frames: (J=compiled Java code, j=interpreted, Vv=VM code, C=native code)


Current CompileTask:
C2:2966995 22118       4       com.android.ide.common.resources.NodeUtils::duplicateNode (315 bytes)


---------------  P R O C E S S  ---------------

Java Threads: ( => current thread )
  0x000000002061e800 JavaThread "stdout" [_thread_in_native, id=19920, stack(0x0000000030c30000,0x0000000030d30000)]
  0x000000002061a000 JavaThread "stderr" [_thread_in_native, id=2272, stack(0x0000000030b30000,0x0000000030c30000)]
  0x000000002061b000 JavaThread "stdout" [_thread_in_native, id=23868, stack(0x0000000030e30000,0x0000000030f30000)]
  0x000000002061d000 JavaThread "stderr" [_thread_in_native, id=21052, stack(0x0000000030d30000,0x0000000030e30000)]
  0x000000002061c800 JavaThread "stdout" [_thread_in_native, id=23012, stack(0x0000000030a30000,0x0000000030b30000)]
  0x000000002061b800 JavaThread "stderr" [_thread_in_native, id=20760, stack(0x0000000030930000,0x0000000030a30000)]
  0x0000000020612800 JavaThread "stdout" [_thread_in_native, id=7928, stack(0x0000000030830000,0x0000000030930000)]
  0x0000000020619800 JavaThread "stderr" [_thread_in_native, id=18128, stack(0x0000000030730000,0x0000000030830000)]
  0x0000000020612000 JavaThread "stdout" [_thread_in_native, id=732, stack(0x0000000030630000,0x0000000030730000)]
  0x0000000020618800 JavaThread "stderr" [_thread_in_native, id=24436, stack(0x0000000030530000,0x0000000030630000)]
  0x0000000020611000 JavaThread "stdout" [_thread_in_native, id=17508, stack(0x0000000030430000,0x0000000030530000)]
  0x0000000020618000 JavaThread "stderr" [_thread_in_native, id=23328, stack(0x0000000030330000,0x0000000030430000)]
  0x0000000020610800 JavaThread "stdout" [_thread_in_native, id=9004, stack(0x0000000030230000,0x0000000030330000)]
  0x0000000020617000 JavaThread "stderr" [_thread_in_native, id=1564, stack(0x000000002c800000,0x000000002c900000)]
  0x000000002060f800 JavaThread "pool-13-thread-1" [_thread_blocked, id=11736, stack(0x000000002c5d0000,0x000000002c6d0000)]
  0x0000000020615800 JavaThread "WorkerExecutor Queue Thread 9" [_thread_blocked, id=15404, stack(0x000000002c700000,0x000000002c800000)]
  0x0000000020613800 JavaThread "MarlinRenderer Disposer" daemon [_thread_blocked, id=7732, stack(0x000000002c4d0000,0x000000002c5d0000)]
  0x0000000020616800 JavaThread "Java2D Disposer" daemon [_thread_blocked, id=14668, stack(0x000000002b7f0000,0x000000002b8f0000)]
  0x0000000020615000 JavaThread "WorkerExecutor Queue Thread 8" [_thread_blocked, id=5760, stack(0x000000002c1d0000,0x000000002c2d0000)]
  0x000000001c77d000 JavaThread "WorkerExecutor Queue Thread 7" [_thread_blocked, id=20192, stack(0x000000002bdd0000,0x000000002bed0000)]
  0x000000001c77b800 JavaThread "WorkerExecutor Queue Thread 6" [_thread_blocked, id=2128, stack(0x000000002bcd0000,0x000000002bdd0000)]
  0x000000001c782000 JavaThread "WorkerExecutor Queue Thread 5" [_thread_blocked, id=21588, stack(0x000000002bbd0000,0x000000002bcd0000)]
  0x000000001c781800 JavaThread "WorkerExecutor Queue Thread 4" [_thread_blocked, id=15624, stack(0x000000002b6f0000,0x000000002b7f0000)]
  0x000000001c780800 JavaThread "WorkerExecutor Queue Thread 3" [_thread_blocked, id=11932, stack(0x000000002b5f0000,0x000000002b6f0000)]
  0x000000001b09b800 JavaThread "WorkerExecutor Queue Thread 2" [_thread_blocked, id=13120, stack(0x000000002b260000,0x000000002b360000)]
  0x000000001b098800 JavaThread "WorkerExecutor Queue" [_thread_blocked, id=5224, stack(0x000000002b160000,0x000000002b260000)]
  0x000000001b09a000 JavaThread "Cache worker for execution history cache (C:\Users\Nguyen Hoang Thanh A\Documents\GitHub\DoAnTotNghiep\.gradle\6.1.1\executionHistory)" [_thread_blocked, id=11816, stack(0x000000002b4f0000,0x000000002b5f0000)]
  0x000000001b092000 JavaThread "Execution worker for ':' Thread 7" [_thread_blocked, id=2576, stack(0x000000002b060000,0x000000002b160000)]
  0x000000001b091000 JavaThread "Execution worker for ':' Thread 6" [_thread_blocked, id=16656, stack(0x000000002af60000,0x000000002b060000)]
  0x000000001b092800 JavaThread "Execution worker for ':' Thread 5" [_thread_in_Java, id=11088, stack(0x000000002a660000,0x000000002a760000)]
  0x000000001b093800 JavaThread "Execution worker for ':' Thread 4" [_thread_blocked, id=21584, stack(0x000000002a560000,0x000000002a660000)]
  0x000000001b098000 JavaThread "Execution worker for ':' Thread 3" [_thread_in_Java, id=19704, stack(0x0000000029bb0000,0x0000000029cb0000)]
  0x000000001b097000 JavaThread "Execution worker for ':' Thread 2" [_thread_blocked, id=20324, stack(0x0000000028ca0000,0x0000000028da0000)]
  0x000000001b08f000 JavaThread "Execution worker for ':'" [_thread_blocked, id=10204, stack(0x00000000289a0000,0x0000000028aa0000)]
  0x000000001b08e000 JavaThread "Cache worker for file content cache (C:\Users\Nguyen Hoang Thanh A\Documents\GitHub\DoAnTotNghiep\.gradle\6.1.1\fileContent)" [_thread_blocked, id=13112, stack(0x0000000027650000,0x0000000027750000)]
  0x000000001f835000 JavaThread "Cache worker for Build Output Cleanup Cache (C:\Users\Nguyen Hoang Thanh A\Documents\GitHub\DoAnTotNghiep\.gradle\buildOutputCleanup)" [_thread_blocked, id=6164, stack(0x0000000027550000,0x0000000027650000)]
  0x000000001f838000 JavaThread "pool-8-thread-1" [_thread_blocked, id=24412, stack(0x0000000027050000,0x0000000027150000)]
  0x000000001f829800 JavaThread "Build operations Thread 8" [_thread_blocked, id=4128, stack(0x0000000026720000,0x0000000026820000)]
  0x000000001f82f800 JavaThread "Build operations Thread 7" [_thread_blocked, id=22112, stack(0x0000000024c20000,0x0000000024d20000)]
  0x000000001f82f000 JavaThread "Build operations Thread 6" [_thread_blocked, id=19800, stack(0x0000000024520000,0x0000000024620000)]
  0x000000001f82d800 JavaThread "Build operations Thread 5" [_thread_blocked, id=2172, stack(0x0000000024420000,0x0000000024520000)]
  0x000000001f82e000 JavaThread "Build operations Thread 4" [_thread_blocked, id=17552, stack(0x0000000024320000,0x0000000024420000)]
  0x000000001f82c800 JavaThread "Build operations Thread 3" [_thread_blocked, id=23624, stack(0x0000000024220000,0x0000000024320000)]
  0x000000001f82b000 JavaThread "Build operations Thread 2" [_thread_blocked, id=18600, stack(0x0000000024120000,0x0000000024220000)]
  0x000000001f82a800 JavaThread "Build operations" [_thread_blocked, id=12556, stack(0x0000000021ee0000,0x0000000021fe0000)]
  0x000000001fafa000 JavaThread "Cache worker for cache directory md-rule (C:\Users\Nguyen Hoang Thanh A\.gradle\caches\6.1.1\md-rule)" [_thread_blocked, id=8028, stack(0x0000000021de0000,0x0000000021ee0000)]
  0x000000001fafc800 JavaThread "Cache worker for cache directory md-supplier (C:\Users\Nguyen Hoang Thanh A\.gradle\caches\6.1.1\md-supplier)" [_thread_blocked, id=10996, stack(0x00000000209b0000,0x0000000020ab0000)]
  0x000000001faf9800 JavaThread "Cache worker for file hash cache (C:\Users\Nguyen Hoang Thanh A\Documents\GitHub\DoAnTotNghiep\.gradle\6.1.1\fileHashes)" [_thread_blocked, id=504, stack(0x00000000208b0000,0x00000000209b0000)]
  0x000000001fb00000 JavaThread "Cache worker for checksums cache (C:\Users\Nguyen Hoang Thanh A\Documents\GitHub\DoAnTotNghiep\.gradle\checksums)" [_thread_blocked, id=7992, stack(0x000000001dc10000,0x000000001dd10000)]
  0x000000001faff800 JavaThread "Thread-92" [_thread_blocked, id=12344, stack(0x000000001db10000,0x000000001dc10000)]
  0x000000001faf2000 JavaThread "Stdin handler" [_thread_blocked, id=18132, stack(0x000000001da10000,0x000000001db10000)]
  0x000000001faf7000 JavaThread "Asynchronous log dispatcher for DefaultDaemonConnection: socket connection from /127.0.0.1:61204 to /127.0.0.1:62029" [_thread_blocked, id=10516, stack(0x000000001d710000,0x000000001d810000)]
  0x000000001faf5800 JavaThread "Daemon worker Thread 4" [_thread_blocked, id=15052, stack(0x000000001d610000,0x000000001d710000)]
  0x000000001faf5000 JavaThread "Cancel handler" [_thread_blocked, id=5776, stack(0x0000000000a70000,0x0000000000b70000)]
  0x000000001faf3800 JavaThread "Handler for socket connection from /127.0.0.1:61204 to /127.0.0.1:62029" [_thread_in_native, id=18136, stack(0x0000000000970000,0x0000000000a70000)]
  0x000000001faf8800 JavaThread "Daemon Thread 4" [_thread_blocked, id=24252, stack(0x0000000000870000,0x0000000000970000)]
  0x000000001b099800 JavaThread "Cache worker for Java compile cache (C:\Users\Nguyen Hoang Thanh A\.gradle\caches\6.1.1\javaCompile)" [_thread_blocked, id=16668, stack(0x0000000029ab0000,0x0000000029bb0000)]
  0x000000001fafe000 JavaThread "Cache worker for file content cache (C:\Users\Nguyen Hoang Thanh A\.gradle\caches\6.1.1\fileContent)" [_thread_blocked, id=17284, stack(0x0000000024f20000,0x0000000025020000)]
  0x000000001fafb800 JavaThread "Memory manager" [_thread_blocked, id=18920, stack(0x0000000026620000,0x0000000026720000)]
  0x000000001c77c000 JavaThread "Cache worker for execution history cache (C:\Users\Nguyen Hoang Thanh A\.gradle\caches\6.1.1\executionHistory)" [_thread_blocked, id=20100, stack(0x0000000021ae0000,0x0000000021be0000)]
  0x000000001c77e800 JavaThread "Cache worker for file hash cache (C:\Users\Nguyen Hoang Thanh A\.gradle\caches\6.1.1\fileHashes)" [_thread_blocked, id=17144, stack(0x000000001e410000,0x000000001e510000)]
  0x000000001c780000 JavaThread "File lock request listener" [_thread_in_native, id=5528, stack(0x000000001e310000,0x000000001e410000)]
  0x000000001c9a4800 JavaThread "Cache worker for journal cache (C:\Users\Nguyen Hoang Thanh A\.gradle\caches\journal-1)" [_thread_blocked, id=11244, stack(0x000000001e210000,0x000000001e310000)]
  0x000000001c4da800 JavaThread "Daemon periodic checks" [_thread_blocked, id=14400, stack(0x000000001d510000,0x000000001d610000)]
  0x000000001bf56000 JavaThread "Incoming local TCP Connector on port 61204" [_thread_in_native, id=18656, stack(0x000000001d2d0000,0x000000001d3d0000)]
  0x000000001c41f800 JavaThread "Daemon health stats" [_thread_blocked, id=24560, stack(0x000000001bca0000,0x000000001bda0000)]
  0x0000000019652000 JavaThread "Service Thread" daemon [_thread_blocked, id=23236, stack(0x000000001a2d0000,0x000000001a3d0000)]
  0x0000000019618000 JavaThread "C1 CompilerThread3" daemon [_thread_blocked, id=18208, stack(0x000000001a1d0000,0x000000001a2d0000)]
=>0x0000000019608000 JavaThread "C2 CompilerThread2" daemon [_thread_in_native, id=5880, stack(0x000000001a0d0000,0x000000001a1d0000)]
  0x00000000177db000 JavaThread "C2 CompilerThread1" daemon [_thread_in_native, id=24280, stack(0x0000000019fd0000,0x000000001a0d0000)]
  0x0000000019606000 JavaThread "C2 CompilerThread0" daemon [_thread_in_native, id=15280, stack(0x0000000019ed0000,0x0000000019fd0000)]
  0x0000000019604000 JavaThread "Attach Listener" daemon [_thread_blocked, id=1288, stack(0x0000000019dd0000,0x0000000019ed0000)]
  0x0000000019602800 JavaThread "Signal Dispatcher" daemon [_thread_blocked, id=23816, stack(0x0000000019cd0000,0x0000000019dd0000)]
  0x00000000195f1000 JavaThread "Finalizer" daemon [_thread_blocked, id=10156, stack(0x0000000019ad0000,0x0000000019bd0000)]
  0x00000000195f0800 JavaThread "Reference Handler" daemon [_thread_blocked, id=17080, stack(0x00000000199d0000,0x0000000019ad0000)]
  0x0000000002662800 JavaThread "main" [_thread_blocked, id=12944, stack(0x0000000002560000,0x0000000002660000)]

Other Threads:
  0x00000000177c6800 VMThread [stack: 0x00000000194d0000,0x00000000195d0000] [id=18164]
  0x0000000019653000 WatcherThread [stack: 0x000000001a3d0000,0x000000001a4d0000] [id=23124]

VM state:not at safepoint (normal execution)

VM Mutex/Monitor currently owned by a thread: None

heap address: 0x0000000080000000, size: 2048 MB, Compressed Oops mode: 32-bit
Narrow klass base: 0x0000000000000000, Narrow klass shift: 3
Compressed class space size: 1073741824 Address: 0x0000000100000000

Heap:
 PSYoungGen      total 610304K, used 328902K [0x00000000d5580000, 0x00000000ff480000, 0x0000000100000000)
  eden space 547840K, 54% used [0x00000000d5580000,0x00000000e78cb1a8,0x00000000f6c80000)
  from space 62464K, 49% used [0x00000000fb780000,0x00000000fd566980,0x00000000ff480000)
  to   space 69632K, 0% used [0x00000000f6c80000,0x00000000f6c80000,0x00000000fb080000)
 ParOldGen       total 235520K, used 78314K [0x0000000080000000, 0x000000008e600000, 0x00000000d5580000)
  object space 235520K, 33% used [0x0000000080000000,0x0000000084c7aaf8,0x000000008e600000)
 Metaspace       used 111144K, capacity 116644K, committed 116912K, reserved 1150976K
  class space    used 14354K, capacity 15470K, committed 15536K, reserved 1048576K

Card table byte_map: [0x0000000011b20000,0x0000000011f30000] byte_map_base: 0x0000000011720000

Marking Bits: (ParMarkBitMap*) 0x00000000579ef030
 Begin Bits: [0x00000000129e0000, 0x00000000149e0000)
 End Bits:   [0x00000000149e0000, 0x00000000169e0000)

Polling page: 0x0000000000c00000

CodeCache: size=245760Kb used=60967Kb max_used=61097Kb free=184792Kb
 bounds [0x0000000002760000, 0x0000000006360000, 0x0000000011760000]
 total_blobs=18386 nmethods=17327 adapters=971
 compilation: enabled

Compilation events (10 events):
Event: 2966.932 Thread 0x0000000019618000 22183       2       java.nio.file.FileTreeWalker$Event::<init> (9 bytes)
Event: 2966.933 Thread 0x0000000019618000 nmethod 22183 0x0000000003b37350 code [0x0000000003b374a0, 0x0000000003b37630]
Event: 2966.936 Thread 0x0000000019618000 22184       2       com.google.common.collect.Iterables::elementsEqual (57 bytes)
Event: 2966.937 Thread 0x0000000019618000 nmethod 22184 0x0000000003b5b150 code [0x0000000003b5b300, 0x0000000003b5b688]
Event: 2966.965 Thread 0x0000000019618000 22186       2       sun.security.action.GetPropertyAction::run (5 bytes)
Event: 2966.966 Thread 0x0000000019618000 nmethod 22186 0x0000000003662d50 code [0x0000000003662f00, 0x0000000003663218]
Event: 2966.969 Thread 0x0000000019618000 22187       2       org.gradle.internal.vfs.impl.DefaultVirtualFileSystem$$Lambda$151/164510340::apply (12 bytes)
Event: 2966.970 Thread 0x0000000019618000 nmethod 22187 0x0000000003662890 code [0x0000000003662a00, 0x0000000003662be8]
Event: 2966.970 Thread 0x0000000019618000 22188       2       org.gradle.internal.vfs.impl.DefaultVirtualFileSystem::lambda$snapshot$12 (12 bytes)
Event: 2966.970 Thread 0x0000000019618000 nmethod 22188 0x000000000477b090 code [0x000000000477b200, 0x000000000477b368]

GC Heap History (10 events):
Event: 55.547 GC heap before
{Heap before GC invocations=16 (full 4):
 PSYoungGen      total 586752K, used 55804K [0x00000000d5580000, 0x0000000100000000, 0x0000000100000000)
  eden space 530944K, 0% used [0x00000000d5580000,0x00000000d5580000,0x00000000f5c00000)
  from space 55808K, 99% used [0x00000000fbe80000,0x00000000ff4ff2a8,0x00000000ff500000)
  to   space 83968K, 0% used [0x00000000f5c00000,0x00000000f5c00000,0x00000000fae00000)
 ParOldGen       total 141312K, used 139006K [0x0000000080000000, 0x0000000088a00000, 0x00000000d5580000)
  object space 141312K, 98% used [0x0000000080000000,0x00000000887bfbd0,0x0000000088a00000)
 Metaspace       used 91654K, capacity 96966K, committed 97072K, reserved 1132544K
  class space    used 12516K, capacity 13514K, committed 13616K, reserved 1048576K
Event: 56.827 GC heap after
Heap after GC invocations=16 (full 4):
 PSYoungGen      total 586752K, used 0K [0x00000000d5580000, 0x0000000100000000, 0x0000000100000000)
  eden space 530944K, 0% used [0x00000000d5580000,0x00000000d5580000,0x00000000f5c00000)
  from space 55808K, 0% used [0x00000000fbe80000,0x00000000fbe80000,0x00000000ff500000)
  to   space 83968K, 0% used [0x00000000f5c00000,0x00000000f5c00000,0x00000000fae00000)
 ParOldGen       total 235520K, used 78290K [0x0000000080000000, 0x000000008e600000, 0x00000000d5580000)
  object space 235520K, 33% used [0x0000000080000000,0x0000000084c74af8,0x000000008e600000)
 Metaspace       used 90913K, capacity 94878K, committed 97072K, reserved 1132544K
  class space    used 12268K, capacity 13076K, committed 13616K, reserved 1048576K
}
Event: 2258.467 GC heap before
{Heap before GC invocations=17 (full 4):
 PSYoungGen      total 586752K, used 530944K [0x00000000d5580000, 0x0000000100000000, 0x0000000100000000)
  eden space 530944K, 100% used [0x00000000d5580000,0x00000000f5c00000,0x00000000f5c00000)
  from space 55808K, 0% used [0x00000000fbe80000,0x00000000fbe80000,0x00000000ff500000)
  to   space 83968K, 0% used [0x00000000f5c00000,0x00000000f5c00000,0x00000000fae00000)
 ParOldGen       total 235520K, used 78290K [0x0000000080000000, 0x000000008e600000, 0x00000000d5580000)
  object space 235520K, 33% used [0x0000000080000000,0x0000000084c74af8,0x000000008e600000)
 Metaspace       used 106713K, capacity 111716K, committed 112432K, reserved 1146880K
  class space    used 13929K, capacity 14936K, committed 15152K, reserved 1048576K
Event: 2258.675 GC heap after
Heap after GC invocations=17 (full 4):
 PSYoungGen      total 614912K, used 37765K [0x00000000d5580000, 0x0000000100000000, 0x0000000100000000)
  eden space 530944K, 0% used [0x00000000d5580000,0x00000000d5580000,0x00000000f5c00000)
  from space 83968K, 44% used [0x00000000f5c00000,0x00000000f80e1650,0x00000000fae00000)
  to   space 81408K, 0% used [0x00000000fb080000,0x00000000fb080000,0x0000000100000000)
 ParOldGen       total 235520K, used 78298K [0x0000000080000000, 0x000000008e600000, 0x00000000d5580000)
  object space 235520K, 33% used [0x0000000080000000,0x0000000084c76af8,0x000000008e600000)
 Metaspace       used 106713K, capacity 111716K, committed 112432K, reserved 1146880K
  class space    used 13929K, capacity 14936K, committed 15152K, reserved 1048576K
}
Event: 2260.266 GC heap before
{Heap before GC invocations=18 (full 4):
 PSYoungGen      total 614912K, used 568709K [0x00000000d5580000, 0x0000000100000000, 0x0000000100000000)
  eden space 530944K, 100% used [0x00000000d5580000,0x00000000f5c00000,0x00000000f5c00000)
  from space 83968K, 44% used [0x00000000f5c00000,0x00000000f80e1650,0x00000000fae00000)
  to   space 81408K, 0% used [0x00000000fb080000,0x00000000fb080000,0x0000000100000000)
 ParOldGen       total 235520K, used 78298K [0x0000000080000000, 0x000000008e600000, 0x00000000d5580000)
  object space 235520K, 33% used [0x0000000080000000,0x0000000084c76af8,0x000000008e600000)
 Metaspace       used 107251K, capacity 112382K, committed 113072K, reserved 1146880K
  class space    used 13969K, capacity 14979K, committed 15280K, reserved 1048576K
Event: 2260.320 GC heap after
Heap after GC invocations=18 (full 4):
 PSYoungGen      total 604160K, used 32046K [0x00000000d5580000, 0x00000000ff580000, 0x0000000100000000)
  eden space 533504K, 0% used [0x00000000d5580000,0x00000000d5580000,0x00000000f5e80000)
  from space 70656K, 45% used [0x00000000fb080000,0x00000000fcfcb830,0x00000000ff580000)
  to   space 77312K, 0% used [0x00000000f5e80000,0x00000000f5e80000,0x00000000faa00000)
 ParOldGen       total 235520K, used 78306K [0x0000000080000000, 0x000000008e600000, 0x00000000d5580000)
  object space 235520K, 33% used [0x0000000080000000,0x0000000084c78af8,0x000000008e600000)
 Metaspace       used 107251K, capacity 112382K, committed 113072K, reserved 1146880K
  class space    used 13969K, capacity 14979K, committed 15280K, reserved 1048576K
}
Event: 2260.907 GC heap before
{Heap before GC invocations=19 (full 4):
 PSYoungGen      total 604160K, used 565550K [0x00000000d5580000, 0x00000000ff580000, 0x0000000100000000)
  eden space 533504K, 100% used [0x00000000d5580000,0x00000000f5e80000,0x00000000f5e80000)
  from space 70656K, 45% used [0x00000000fb080000,0x00000000fcfcb830,0x00000000ff580000)
  to   space 77312K, 0% used [0x00000000f5e80000,0x00000000f5e80000,0x00000000faa00000)
 ParOldGen       total 235520K, used 78306K [0x0000000080000000, 0x000000008e600000, 0x00000000d5580000)
  object space 235520K, 33% used [0x0000000080000000,0x0000000084c78af8,0x000000008e600000)
 Metaspace       used 107701K, capacity 112836K, committed 113328K, reserved 1146880K
  class space    used 14011K, capacity 15044K, committed 15280K, reserved 1048576K
Event: 2260.934 GC heap after
Heap after GC invocations=19 (full 4):
 PSYoungGen      total 610816K, used 34020K [0x00000000d5580000, 0x00000000fff80000, 0x0000000100000000)
  eden space 533504K, 0% used [0x00000000d5580000,0x00000000d5580000,0x00000000f5e80000)
  from space 77312K, 44% used [0x00000000f5e80000,0x00000000f7fb91c0,0x00000000faa00000)
  to   space 73728K, 0% used [0x00000000fb780000,0x00000000fb780000,0x00000000fff80000)
 ParOldGen       total 235520K, used 78306K [0x0000000080000000, 0x000000008e600000, 0x00000000d5580000)
  object space 235520K, 33% used [0x0000000080000000,0x0000000084c78af8,0x000000008e600000)
 Metaspace       used 107701K, capacity 112836K, committed 113328K, reserved 1146880K
  class space    used 14011K, capacity 15044K, committed 15280K, reserved 1048576K
}
Event: 2964.683 GC heap before
{Heap before GC invocations=20 (full 4):
 PSYoungGen      total 610816K, used 567524K [0x00000000d5580000, 0x00000000fff80000, 0x0000000100000000)
  eden space 533504K, 100% used [0x00000000d5580000,0x00000000f5e80000,0x00000000f5e80000)
  from space 77312K, 44% used [0x00000000f5e80000,0x00000000f7fb91c0,0x00000000faa00000)
  to   space 73728K, 0% used [0x00000000fb780000,0x00000000fb780000,0x00000000fff80000)
 ParOldGen       total 235520K, used 78306K [0x0000000080000000, 0x000000008e600000, 0x00000000d5580000)
  object space 235520K, 33% used [0x0000000080000000,0x0000000084c78af8,0x000000008e600000)
 Metaspace       used 108588K, capacity 114046K, committed 114352K, reserved 1148928K
  class space    used 14091K, capacity 15203K, committed 15280K, reserved 1048576K
Event: 2964.716 GC heap after
Heap after GC invocations=20 (full 4):
 PSYoungGen      total 610304K, used 30618K [0x00000000d5580000, 0x00000000ff480000, 0x0000000100000000)
  eden space 547840K, 0% used [0x00000000d5580000,0x00000000d5580000,0x00000000f6c80000)
  from space 62464K, 49% used [0x00000000fb780000,0x00000000fd566980,0x00000000ff480000)
  to   space 69632K, 0% used [0x00000000f6c80000,0x00000000f6c80000,0x00000000fb080000)
 ParOldGen       total 235520K, used 78314K [0x0000000080000000, 0x000000008e600000, 0x00000000d5580000)
  object space 235520K, 33% used [0x0000000080000000,0x0000000084c7aaf8,0x000000008e600000)
 Metaspace       used 108588K, capacity 114046K, committed 114352K, reserved 1148928K
  class space    used 14091K, capacity 15203K, committed 15280K, reserved 1048576K
}

Deoptimization events (10 events):
Event: 2965.444 Thread 0x000000001faf5800 Uncommon trap: reason=unstable_if action=reinterpret pc=0x0000000003add098 method=com.android.ide.common.resources.DataItem.isRemoved()Z @ 6
Event: 2965.447 Thread 0x000000001faf5800 Uncommon trap: reason=bimorphic action=maybe_recompile pc=0x0000000004416f6c method=java.util.concurrent.ConcurrentHashMap.replaceNode(Ljava/lang/Object;Ljava/lang/Object;Ljava/lang/Object;)Ljava/lang/Object; @ 147
Event: 2965.592 Thread 0x000000001faf5800 Uncommon trap: reason=unstable_if action=reinterpret pc=0x000000000403d130 method=java.util.Arrays.sort([Ljava/lang/Object;Ljava/util/Comparator;)V @ 1
Event: 2965.622 Thread 0x000000001faf5800 Uncommon trap: reason=unstable_if action=reinterpret pc=0x00000000034f67a4 method=com.sun.org.apache.xerces.internal.dom.NodeImpl.hasStringValue(Z)V @ 2
Event: 2965.622 Thread 0x000000001faf5800 Uncommon trap: reason=unstable_if action=reinterpret pc=0x0000000003e1dc60 method=com.sun.org.apache.xerces.internal.dom.NodeImpl.isFirstChild(Z)V @ 2
Event: 2965.622 Thread 0x000000001faf5800 Uncommon trap: reason=unstable_if action=reinterpret pc=0x00000000029d0120 method=com.sun.org.apache.xerces.internal.dom.NodeImpl.isOwned(Z)V @ 2
Event: 2965.656 Thread 0x000000001faf5800 Uncommon trap: reason=unstable_if action=reinterpret pc=0x0000000003f22494 method=com.sun.org.apache.xerces.internal.dom.NamedNodeMapImpl.getLength()I @ 4
Event: 2965.661 Thread 0x000000001faf5800 Uncommon trap: reason=unstable_if action=reinterpret pc=0x0000000002d1cd84 method=com.sun.org.apache.xerces.internal.dom.NodeImpl.hasStringValue()Z @ 8
Event: 2966.809 Thread 0x000000001faf5800 Uncommon trap: reason=null_check action=make_not_entrant pc=0x0000000005a78370 method=com.sun.org.apache.xerces.internal.dom.NamedNodeMapImpl.findNamePoint(Ljava/lang/String;Ljava/lang/String;)I @ 105
Event: 2966.959 Thread 0x000000001c77d000 Uncommon trap: reason=unstable_if action=reinterpret pc=0x00000000059fdc9c method=org.gradle.internal.operations.DefaultBuildOperationExecutor$3.stop()V @ 61

Classes redefined (0 events):
No events

Internal exceptions (10 events):
Event: 2965.212 Thread 0x000000001faf5800 Exception <a 'java/lang/NoSuchMethodError': <clinit>> (0x00000000d9fc62e0) thrown at [C:\src\AOSP-openjdk-git\hotspot\src\share\vm\prims\jni.cpp, line 1615]
Event: 2965.213 Thread 0x000000001faf5800 Exception <a 'java/lang/NoSuchMethodError': <clinit>> (0x00000000d9fe27d8) thrown at [C:\src\AOSP-openjdk-git\hotspot\src\share\vm\prims\jni.cpp, line 1615]
Event: 2965.214 Thread 0x000000001faf5800 Exception <a 'java/lang/NoSuchMethodError': <clinit>> (0x00000000d9ffddb0) thrown at [C:\src\AOSP-openjdk-git\hotspot\src\share\vm\prims\jni.cpp, line 1615]
Event: 2965.216 Thread 0x000000001faf5800 Exception <a 'java/lang/NoSuchMethodError': <clinit>> (0x00000000da0229c0) thrown at [C:\src\AOSP-openjdk-git\hotspot\src\share\vm\prims\jni.cpp, line 1615]
Event: 2965.217 Thread 0x000000001faf5800 Exception <a 'java/lang/NoSuchMethodError': <clinit>> (0x00000000da0395d8) thrown at [C:\src\AOSP-openjdk-git\hotspot\src\share\vm\prims\jni.cpp, line 1615]
Event: 2965.396 Thread 0x000000001c77b800 Exception <a 'java/io/FileNotFoundException'> (0x00000000da71fef8) thrown at [C:\src\AOSP-openjdk-git\hotspot\src\share\vm\prims\jni.cpp, line 710]
Event: 2965.469 Thread 0x000000001c781800 Exception <a 'java/io/FileNotFoundException'> (0x00000000da5a4768) thrown at [C:\src\AOSP-openjdk-git\hotspot\src\share\vm\prims\jni.cpp, line 710]
Event: 2965.656 Thread 0x000000001faf5800 Implicit null exception at 0x0000000003f22450 to 0x0000000003f22481
Event: 2966.808 Thread 0x000000001faf5800 Implicit null exception at 0x0000000005a77ea9 to 0x0000000005a7834d
Event: 2966.957 Thread 0x000000001c77d000 Exception <a 'java/io/IOException'> (0x00000000e266ac68) thrown at [C:\src\AOSP-openjdk-git\hotspot\src\share\vm\prims\jni.cpp, line 710]

Events (10 events):
Event: 2966.956 Executing VM operation: RevokeBias done
Event: 2966.956 Thread 0x000000002061e800 Thread exited: 0x000000002061e800
Event: 2966.958 Executing VM operation: RevokeBias
Event: 2966.958 Executing VM operation: RevokeBias done
Event: 2966.958 Thread 0x000000002061a000 Thread exited: 0x000000002061a000
Event: 2966.958 Thread 0x000000001c77d000 Uncommon trap: trap_request=0xffffff65 fr.pc=0x00000000059fdc9c
Event: 2966.959 Thread 0x000000001c77d000 DEOPT PACKING pc=0x00000000059fdc9c sp=0x000000002bece8f0
Event: 2966.959 Thread 0x000000001c77d000 DEOPT UNPACKING pc=0x00000000027a557b sp=0x000000002bece918 mode 2
Event: 2966.965 Thread 0x000000002061a000 Thread added: 0x000000002061a000
Event: 2966.965 Thread 0x000000002061e800 Thread added: 0x000000002061e800


Dynamic libraries:
0x00007ff7ca280000 - 0x00007ff7ca2b1000 	C:\Program Files\Android\Android Studio\jre\bin\java.exe
0x00007ffec0270000 - 0x00007ffec0465000 	C:\WINDOWS\SYSTEM32\ntdll.dll
0x00007ffebef80000 - 0x00007ffebf03d000 	C:\WINDOWS\System32\KERNEL32.DLL
0x00007ffebddb0000 - 0x00007ffebe079000 	C:\WINDOWS\System32\KERNELBASE.dll
0x00007ffebf610000 - 0x00007ffebf6bc000 	C:\WINDOWS\System32\ADVAPI32.dll
0x00007ffec0190000 - 0x00007ffec022e000 	C:\WINDOWS\System32\msvcrt.dll
0x00007ffebe4a0000 - 0x00007ffebe53c000 	C:\WINDOWS\System32\sechost.dll
0x00007ffebf3a0000 - 0x00007ffebf4cb000 	C:\WINDOWS\System32\RPCRT4.dll
0x00007ffebf7a0000 - 0x00007ffebf940000 	C:\WINDOWS\System32\USER32.dll
0x00007ffebda50000 - 0x00007ffebda72000 	C:\WINDOWS\System32\win32u.dll
0x00007ffebf770000 - 0x00007ffebf79a000 	C:\WINDOWS\System32\GDI32.dll
0x00007ffebe1c0000 - 0x00007ffebe2cb000 	C:\WINDOWS\System32\gdi32full.dll
0x00007ffebd9b0000 - 0x00007ffebda4d000 	C:\WINDOWS\System32\msvcp_win.dll
0x00007ffebdb50000 - 0x00007ffebdc50000 	C:\WINDOWS\System32\ucrtbase.dll
0x00007ffea7b80000 - 0x00007ffea7e1a000 	C:\WINDOWS\WinSxS\amd64_microsoft.windows.common-controls_6595b64144ccf1df_6.0.19041.844_none_ca00b6081b84eb1d\COMCTL32.dll
0x00007ffebfa60000 - 0x00007ffebfa90000 	C:\WINDOWS\System32\IMM32.DLL
0x0000000057140000 - 0x0000000057212000 	C:\Program Files\Android\Android Studio\jre\jre\bin\msvcr100.dll
0x0000000057220000 - 0x0000000057a6b000 	C:\Program Files\Android\Android Studio\jre\jre\bin\server\jvm.dll
0x00007ffebe360000 - 0x00007ffebe368000 	C:\WINDOWS\System32\PSAPI.DLL
0x00007ffeabff0000 - 0x00007ffeac017000 	C:\WINDOWS\SYSTEM32\WINMM.dll
0x00007ffea5f00000 - 0x00007ffea5f09000 	C:\WINDOWS\SYSTEM32\WSOCK32.dll
0x00007ffeb6340000 - 0x00007ffeb634a000 	C:\WINDOWS\SYSTEM32\VERSION.dll
0x00007ffebf540000 - 0x00007ffebf5ab000 	C:\WINDOWS\System32\WS2_32.dll
0x00007ffeb7d40000 - 0x00007ffeb7d4f000 	C:\Program Files\Android\Android Studio\jre\jre\bin\verify.dll
0x00007ffeb4770000 - 0x00007ffeb4799000 	C:\Program Files\Android\Android Studio\jre\jre\bin\java.dll
0x00007ffeb4750000 - 0x00007ffeb4766000 	C:\Program Files\Android\Android Studio\jre\jre\bin\zip.dll
0x00007ffebe6d0000 - 0x00007ffebee12000 	C:\WINDOWS\System32\SHELL32.dll
0x00007ffebb700000 - 0x00007ffebbe90000 	C:\WINDOWS\SYSTEM32\windows.storage.dll
0x00007ffebf040000 - 0x00007ffebf395000 	C:\WINDOWS\System32\combase.dll
0x00007ffebd350000 - 0x00007ffebd37c000 	C:\WINDOWS\SYSTEM32\Wldp.dll
0x00007ffebeed0000 - 0x00007ffebef7e000 	C:\WINDOWS\System32\SHCORE.dll
0x00007ffebe610000 - 0x00007ffebe665000 	C:\WINDOWS\System32\shlwapi.dll
0x00007ffebd8f0000 - 0x00007ffebd90f000 	C:\WINDOWS\SYSTEM32\profapi.dll
0x00007ffeb46a0000 - 0x00007ffeb46ba000 	C:\Program Files\Android\Android Studio\jre\jre\bin\net.dll
0x00007ffebd080000 - 0x00007ffebd0ea000 	C:\WINDOWS\system32\mswsock.dll
0x00007ffeabc20000 - 0x00007ffeabc33000 	C:\Program Files\Android\Android Studio\jre\jre\bin\nio.dll
0x00007ffe87ac0000 - 0x00007ffe87ae6000 	C:\Users\Nguyen Hoang Thanh A\.gradle\native\31\windows-amd64\native-platform.dll
0x00007ffeb7690000 - 0x00007ffeb769d000 	C:\Program Files\Android\Android Studio\jre\jre\bin\management.dll
0x00007ffebd240000 - 0x00007ffebd258000 	C:\WINDOWS\SYSTEM32\CRYPTSP.dll
0x00007ffebca30000 - 0x00007ffebca64000 	C:\WINDOWS\system32\rsaenh.dll
0x00007ffebe0e0000 - 0x00007ffebe107000 	C:\WINDOWS\System32\bcrypt.dll
0x00007ffebd8b0000 - 0x00007ffebd8de000 	C:\WINDOWS\SYSTEM32\USERENV.dll
0x00007ffebda80000 - 0x00007ffebdb00000 	C:\WINDOWS\System32\bcryptprimitives.dll
0x00007ffebd230000 - 0x00007ffebd23c000 	C:\WINDOWS\SYSTEM32\CRYPTBASE.dll
0x00007ffebcd80000 - 0x00007ffebcdbb000 	C:\WINDOWS\SYSTEM32\IPHLPAPI.DLL
0x00007ffebf6c0000 - 0x00007ffebf6c8000 	C:\WINDOWS\System32\NSI.dll
0x00007ffeb5140000 - 0x00007ffeb5157000 	C:\WINDOWS\SYSTEM32\dhcpcsvc6.DLL
0x00007ffeb5120000 - 0x00007ffeb513d000 	C:\WINDOWS\SYSTEM32\dhcpcsvc.DLL
0x00007ffebcdc0000 - 0x00007ffebce8b000 	C:\WINDOWS\SYSTEM32\DNSAPI.dll
0x00007ffeab6b0000 - 0x00007ffeab6d4000 	C:\Program Files\Android\Android Studio\jre\jre\bin\sunec.dll
0x00007ffeae150000 - 0x00007ffeae15a000 	C:\Windows\System32\rasadhlp.dll
0x00007ffeae170000 - 0x00007ffeae1ef000 	C:\WINDOWS\System32\fwpuclnt.dll
0x00007ffeb91d0000 - 0x00007ffeb91db000 	C:\Program Files\Android\Android Studio\jre\jre\bin\sunmscapi.dll
0x00007ffebdc50000 - 0x00007ffebddaf000 	C:\WINDOWS\System32\CRYPT32.dll
0x00007ffebc6c0000 - 0x00007ffebc6f3000 	C:\WINDOWS\SYSTEM32\ntmarta.dll
0x00007ffe85aa0000 - 0x00007ffe85c3c000 	C:\Program Files\Android\Android Studio\jre\jre\bin\awt.dll
0x00007ffebe540000 - 0x00007ffebe60d000 	C:\WINDOWS\System32\OLEAUT32.dll
0x00007ffebb230000 - 0x00007ffebb25f000 	C:\WINDOWS\SYSTEM32\dwmapi.dll
0x00007ffeb9bd0000 - 0x00007ffeba190000 	C:\WINDOWS\SYSTEM32\d2d1.dll
0x00007ffebaf60000 - 0x00007ffebaff0000 	C:\WINDOWS\SYSTEM32\apphelp.dll
0x00007ffebb060000 - 0x00007ffebb0fe000 	C:\WINDOWS\system32\uxtheme.dll

VM Arguments:
jvm_args: -Xmx2048m -Dfile.encoding=windows-1252 -Duser.country=US -Duser.language=en -Duser.variant 
java_command: org.gradle.launcher.daemon.bootstrap.GradleDaemon 6.1.1
java_class_path (initial): C:\Users\Nguyen Hoang Thanh A\.gradle\wrapper\dists\gradle-6.1.1-all\cfmwm155h49vnt3hynmlrsdst\gradle-6.1.1\lib\gradle-launcher-6.1.1.jar
Launcher Type: SUN_STANDARD

Environment Variables:
PATH=C:\Program Files (x86)\Common Files\Oracle\Java\javapath;C:\Program Files (x86)\Intel\Intel(R) Management Engine Components\iCLS\;C:\Program Files\Intel\Intel(R) Management Engine Components\iCLS\;C:\WINDOWS\system32;C:\WINDOWS;C:\WINDOWS\System32\Wbem;C:\WINDOWS\System32\WindowsPowerShell\v1.0\;C:\Program Files (x86)\Intel\Intel(R) Management Engine Components\DAL;C:\Program Files\Intel\Intel(R) Management Engine Components\DAL;C:\Program Files (x86)\Intel\Intel(R) Management Engine Components\IPT;C:\Program Files\Intel\Intel(R) Management Engine Components\IPT;C:\WINDOWS\System32\OpenSSH\;C:\Program Files\Microsoft SQL Server\130\Tools\Binn\;C:\Program Files\dotnet\;C:\Windows\system32;C:\Program Files\nodejs\;C:\Program Files\Docker\Docker\resources\bin;C:\ProgramData\DockerDesktop\version-bin;C:\Program Files\Git\cmd;C:\Ruby26-x64\bin;C:\Users\Nguyen Hoang Thanh A\AppData\Local\Programs\Python\Python38-32\Scripts\;C:\Users\Nguyen Hoang Thanh A\AppData\Local\Programs\Python\Python38-32\;C:\Users\Nguyen Hoang Thanh A\AppData\Local\Microsoft\WindowsApps;C:\Users\Nguyen Hoang Thanh A\AppData\Roaming\npm;C:\Users\Nguyen Hoang Thanh A\AppData\Local\GitHubDesktop\bin
USERNAME=Nguyen Hoang Thanh A
OS=Windows_NT
PROCESSOR_IDENTIFIER=Intel64 Family 6 Model 142 Stepping 10, GenuineIntel



---------------  S Y S T E M  ---------------

OS: Windows 10.0 , 64 bit Build 19041 (10.0.19041.804)

CPU:total 8 (initial active 8) (4 cores per cpu, 2 threads per core) family 6 model 142 stepping 10, cmov, cx8, fxsr, mmx, sse, sse2, sse3, ssse3, sse4.1, sse4.2, popcnt, avx, avx2, aes, clmul, erms, 3dnowpref, lzcnt, ht, tsc, tscinvbit, bmi1, bmi2, adx

Memory: 4k page, physical 8283984k(889104k free), swap 14427984k(0k free)

vm_info: OpenJDK 64-Bit Server VM (25.242-b01) for windows-amd64 JRE (1.8.0_242-release-1644-b01), built by "builder" with MS VC++ 10.0 (VS2010)

time: Thu Apr 08 04:53:46 2021
timezone: SE Asia Standard Time
elapsed time: 2967 seconds (0d 0h 49m 27s)

