#
# There is insufficient memory for the Java Runtime Environment to continue.
# Native memory allocation (malloc) failed to allocate 32744 bytes for ChunkPool::allocate
# Possible reasons:
#   The system is out of physical RAM or swap space
#   The process is running with CompressedOops enabled, and the Java Heap may be blocking the growth of the native heap
# Possible solutions:
#   Reduce memory load on the system
#   Increase physical memory or swap space
#   Check if swap backing store is full
#   Decrease Java heap size (-Xmx/-Xms)
#   Decrease number of Java threads
#   Decrease Java thread stack sizes (-Xss)
#   Set larger code cache with -XX:ReservedCodeCacheSize=
#   JVM is running with Unscaled Compressed Oops mode in which the Java heap is
#     placed in the first 4GB address space. The Java Heap base address is the
#     maximum limit for the native heap growth. Please use -XX:HeapBaseMinAddress
#     to set the Java Heap base and to place the Java Heap above 4GB virtual address.
# This output file may be truncated or incomplete.
#
#  Out of Memory Error (allocation.cpp:272), pid=1520, tid=0x0000000000003ac4
#
# JRE version: OpenJDK Runtime Environment (8.0_242-b01) (build 1.8.0_242-release-1644-b01)
# Java VM: OpenJDK 64-Bit Server VM (25.242-b01 mixed mode windows-amd64 compressed oops)
# Failed to write core dump. Minidumps are not enabled by default on client versions of Windows
#

---------------  T H R E A D  ---------------

Current thread (0x0000000019497000):  JavaThread "C2 CompilerThread2" daemon [_thread_in_native, id=15044, stack(0x0000000019f60000,0x000000001a060000)]

Stack: [0x0000000019f60000,0x000000001a060000]
[error occurred during error reporting (printing stack bounds), id 0xc0000005]

Native frames: (J=compiled Java code, j=interpreted, Vv=VM code, C=native code)


Current CompileTask:
C2:  63583 15641       4       com.android.tools.r8.dex.n::a (1022 bytes)


---------------  P R O C E S S  ---------------

Java Threads: ( => current thread )
  0x000000001f850800 JavaThread "ForkJoinPool-2-worker-0" daemon [_thread_blocked, id=12552, stack(0x000000002c140000,0x000000002c240000)]
  0x000000001f84f800 JavaThread "ForkJoinPool-2-worker-7" daemon [_thread_blocked, id=14096, stack(0x000000002c040000,0x000000002c140000)]
  0x000000001f84e000 JavaThread "ForkJoinPool-2-worker-6" daemon [_thread_in_Java, id=17576, stack(0x000000002bf40000,0x000000002c040000)]
  0x000000001f84c800 JavaThread "ForkJoinPool-2-worker-5" daemon [_thread_blocked, id=3784, stack(0x000000002be40000,0x000000002bf40000)]
  0x000000001f848000 JavaThread "ForkJoinPool-2-worker-4" daemon [_thread_blocked, id=11664, stack(0x000000002bd40000,0x000000002be40000)]
  0x000000001f84f000 JavaThread "ForkJoinPool-2-worker-3" daemon [_thread_blocked, id=18952, stack(0x000000002bc40000,0x000000002bd40000)]
  0x000000001f847800 JavaThread "ForkJoinPool-2-worker-2" daemon [_thread_blocked, id=4992, stack(0x000000002a960000,0x000000002aa60000)]
  0x000000001f84c000 JavaThread "ForkJoinPool-2-worker-1" daemon [_thread_blocked, id=13028, stack(0x000000002a660000,0x000000002a760000)]
  0x000000001f846000 JavaThread "Cache worker for Java compile cache (C:\Users\Nguyen Hoang Thanh A\Documents\GitHub\DoAnTotNghiep\.gradle\6.1.1\javaCompile)" [_thread_blocked, id=14480, stack(0x0000000029f60000,0x000000002a060000)]
  0x000000001f845000 JavaThread "Cache worker for Java compile cache (C:\Users\Nguyen Hoang Thanh A\.gradle\caches\6.1.1\javaCompile)" [_thread_blocked, id=13424, stack(0x0000000029e60000,0x0000000029f60000)]
  0x000000001f842000 JavaThread "WorkerExecutor Queue Thread 10" [_thread_blocked, id=868, stack(0x0000000027a20000,0x0000000027b20000)]
  0x000000001f849000 JavaThread "WorkerExecutor Queue Thread 9" [_thread_blocked, id=20008, stack(0x00000000272a0000,0x00000000273a0000)]
  0x000000001f844800 JavaThread "stdout" [_thread_in_native, id=8432, stack(0x0000000029960000,0x0000000029a60000)]
  0x000000001e423800 JavaThread "stderr" [_thread_in_native, id=2720, stack(0x0000000029860000,0x0000000029960000)]
  0x000000001e423000 JavaThread "stdout" [_thread_in_native, id=23744, stack(0x0000000027fd0000,0x00000000280d0000)]
  0x00000000227a6800 JavaThread "stderr" [_thread_in_native, id=20460, stack(0x0000000027ed0000,0x0000000027fd0000)]
  0x00000000227a4000 JavaThread "stdout" [_thread_in_native, id=9408, stack(0x0000000028790000,0x0000000028890000)]
  0x00000000227a2800 JavaThread "stderr" [_thread_in_native, id=10668, stack(0x0000000028690000,0x0000000028790000)]
  0x00000000227a5800 JavaThread "stdout" [_thread_in_native, id=17180, stack(0x0000000028590000,0x0000000028690000)]
  0x00000000227a2000 JavaThread "stderr" [_thread_in_native, id=9436, stack(0x0000000028490000,0x0000000028590000)]
  0x00000000227a3800 JavaThread "stdout" [_thread_in_native, id=22396, stack(0x0000000028390000,0x0000000028490000)]
  0x00000000227a5000 JavaThread "stderr" [_thread_in_native, id=15228, stack(0x0000000027c70000,0x0000000027d70000)]
  0x000000002279a800 JavaThread "stdout" [_thread_in_native, id=17236, stack(0x0000000028290000,0x0000000028390000)]
  0x00000000227a1000 JavaThread "stderr" [_thread_in_native, id=19840, stack(0x0000000028190000,0x0000000028290000)]
  0x0000000022799800 JavaThread "pool-2-thread-1" [_thread_blocked, id=12764, stack(0x0000000027dd0000,0x0000000027ed0000)]
  0x000000002279f800 JavaThread "MarlinRenderer Disposer" daemon [_thread_blocked, id=7952, stack(0x0000000027b70000,0x0000000027c70000)]
  0x000000002279f000 JavaThread "Java2D Disposer" daemon [_thread_blocked, id=8808, stack(0x00000000278a0000,0x00000000279a0000)]
  0x000000002279c000 JavaThread "WorkerExecutor Queue Thread 7" [_thread_blocked, id=18792, stack(0x00000000277a0000,0x00000000278a0000)]
  0x000000002279b000 JavaThread "WorkerExecutor Queue Thread 6" [_thread_blocked, id=1280, stack(0x00000000276a0000,0x00000000277a0000)]
  0x0000000022797800 JavaThread "WorkerExecutor Queue Thread 5" [_thread_blocked, id=4520, stack(0x00000000273a0000,0x00000000274a0000)]
  0x000000002279d800 JavaThread "WorkerExecutor Queue Thread 3" [_thread_blocked, id=2848, stack(0x00000000271a0000,0x00000000272a0000)]
  0x000000001c22f000 JavaThread "WorkerExecutor Queue Thread 2" [_thread_blocked, id=16960, stack(0x00000000270a0000,0x00000000271a0000)]
  0x000000001e426000 JavaThread "WorkerExecutor Queue" [_thread_blocked, id=22164, stack(0x0000000026fa0000,0x00000000270a0000)]
  0x000000001e426800 JavaThread "Cache worker for execution history cache (C:\Users\Nguyen Hoang Thanh A\Documents\GitHub\DoAnTotNghiep\.gradle\6.1.1\executionHistory)" [_thread_blocked, id=18036, stack(0x0000000026940000,0x0000000026a40000)]
  0x000000001e419000 JavaThread "Execution worker for ':' Thread 7" [_thread_blocked, id=23340, stack(0x0000000026840000,0x0000000026940000)]
  0x000000001e420000 JavaThread "Execution worker for ':' Thread 6" [_thread_blocked, id=20408, stack(0x0000000026740000,0x0000000026840000)]
  0x000000001e41e800 JavaThread "Execution worker for ':' Thread 5" [_thread_blocked, id=20968, stack(0x0000000026640000,0x0000000026740000)]
  0x000000001e41f000 JavaThread "Execution worker for ':' Thread 4" [_thread_blocked, id=6380, stack(0x0000000026540000,0x0000000026640000)]
  0x000000001e41d800 JavaThread "Execution worker for ':' Thread 3" [_thread_blocked, id=18300, stack(0x0000000026440000,0x0000000026540000)]
  0x000000001e41d000 JavaThread "Execution worker for ':' Thread 2" [_thread_blocked, id=20352, stack(0x0000000026340000,0x0000000026440000)]
  0x000000001e41c000 JavaThread "Execution worker for ':'" [_thread_blocked, id=13360, stack(0x0000000026240000,0x0000000026340000)]
  0x000000001c235000 JavaThread "Cache worker for file content cache (C:\Users\Nguyen Hoang Thanh A\Documents\GitHub\DoAnTotNghiep\.gradle\6.1.1\fileContent)" [_thread_blocked, id=18904, stack(0x0000000025500000,0x0000000025600000)]
  0x000000001c233800 JavaThread "Cache worker for file content cache (C:\Users\Nguyen Hoang Thanh A\.gradle\caches\6.1.1\fileContent)" [_thread_blocked, id=18852, stack(0x00000000256f0000,0x00000000257f0000)]
  0x000000001c233000 JavaThread "Memory manager" [_thread_blocked, id=16132, stack(0x0000000025840000,0x0000000025940000)]
  0x000000001c230800 JavaThread "Cache worker for Build Output Cleanup Cache (C:\Users\Nguyen Hoang Thanh A\Documents\GitHub\DoAnTotNghiep\.gradle\buildOutputCleanup)" [_thread_blocked, id=12008, stack(0x0000000024a00000,0x0000000024b00000)]
  0x000000001c230000 JavaThread "pool-1-thread-1" [_thread_blocked, id=20188, stack(0x0000000023900000,0x0000000023a00000)]
  0x000000001c227000 JavaThread "Build operations Thread 8" [_thread_blocked, id=5000, stack(0x0000000024300000,0x0000000024400000)]
  0x000000001c22d800 JavaThread "Build operations Thread 7" [_thread_blocked, id=21320, stack(0x0000000024200000,0x0000000024300000)]
  0x000000001c22d000 JavaThread "Build operations Thread 6" [_thread_blocked, id=20944, stack(0x0000000024100000,0x0000000024200000)]
  0x000000001c229000 JavaThread "Build operations Thread 5" [_thread_blocked, id=11812, stack(0x0000000024000000,0x0000000024100000)]
  0x000000001c228800 JavaThread "Build operations Thread 4" [_thread_blocked, id=13572, stack(0x0000000023f00000,0x0000000024000000)]
  0x000000001c226000 JavaThread "Build operations Thread 3" [_thread_blocked, id=18800, stack(0x0000000023e00000,0x0000000023f00000)]
  0x000000001c227800 JavaThread "Build operations Thread 2" [_thread_blocked, id=22452, stack(0x0000000023a30000,0x0000000023b30000)]
  0x000000001c22c000 JavaThread "Build operations" [_thread_blocked, id=7744, stack(0x00000000235f0000,0x00000000236f0000)]
  0x000000001c023800 JavaThread "Cache worker for execution history cache (C:\Users\Nguyen Hoang Thanh A\.gradle\caches\6.1.1\executionHistory)" [_thread_blocked, id=7988, stack(0x0000000021d20000,0x0000000021e20000)]
  0x000000001c024800 JavaThread "Cache worker for cache directory md-rule (C:\Users\Nguyen Hoang Thanh A\.gradle\caches\6.1.1\md-rule)" [_thread_blocked, id=3104, stack(0x0000000021c20000,0x0000000021d20000)]
  0x000000001c026000 JavaThread "Cache worker for cache directory md-supplier (C:\Users\Nguyen Hoang Thanh A\.gradle\caches\6.1.1\md-supplier)" [_thread_blocked, id=20644, stack(0x0000000020920000,0x0000000020a20000)]
  0x000000001c025000 JavaThread "Cache worker for file hash cache (C:\Users\Nguyen Hoang Thanh A\Documents\GitHub\DoAnTotNghiep\.gradle\6.1.1\fileHashes)" [_thread_blocked, id=18204, stack(0x0000000020420000,0x0000000020520000)]
  0x000000001c021800 JavaThread "Cache worker for checksums cache (C:\Users\Nguyen Hoang Thanh A\Documents\GitHub\DoAnTotNghiep\.gradle\checksums)" [_thread_blocked, id=21032, stack(0x0000000020320000,0x0000000020420000)]
  0x000000001c022000 JavaThread "Cache worker for file hash cache (C:\Users\Nguyen Hoang Thanh A\.gradle\caches\6.1.1\fileHashes)" [_thread_blocked, id=21248, stack(0x000000001e280000,0x000000001e380000)]
  0x000000001c020000 JavaThread "File lock request listener" [_thread_in_native, id=3872, stack(0x000000001e180000,0x000000001e280000)]
  0x000000001bf47800 JavaThread "Cache worker for journal cache (C:\Users\Nguyen Hoang Thanh A\.gradle\caches\journal-1)" [_thread_blocked, id=4032, stack(0x000000001e080000,0x000000001e180000)]
  0x000000001bf0f000 JavaThread "Thread-9" [_thread_blocked, id=17524, stack(0x000000001dd80000,0x000000001de80000)]
  0x000000001b881800 JavaThread "Stdin handler" [_thread_blocked, id=7440, stack(0x000000001dc80000,0x000000001dd80000)]
  0x000000001b573800 JavaThread "Asynchronous log dispatcher for DefaultDaemonConnection: socket connection from /127.0.0.1:58862 to /127.0.0.1:58863" [_thread_blocked, id=20036, stack(0x000000001da80000,0x000000001db80000)]
  0x000000001b571800 JavaThread "Daemon worker" [_thread_blocked, id=15096, stack(0x000000001d980000,0x000000001da80000)]
  0x000000001b571000 JavaThread "Cancel handler" [_thread_blocked, id=21256, stack(0x000000001d880000,0x000000001d980000)]
  0x000000001a54b800 JavaThread "Handler for socket connection from /127.0.0.1:58862 to /127.0.0.1:58863" [_thread_in_native, id=1360, stack(0x000000001d580000,0x000000001d680000)]
  0x000000001a545000 JavaThread "Daemon" [_thread_blocked, id=2484, stack(0x000000001d480000,0x000000001d580000)]
  0x000000001b93f000 JavaThread "Daemon periodic checks" [_thread_blocked, id=4296, stack(0x000000001d380000,0x000000001d480000)]
  0x000000001b93c800 JavaThread "Incoming local TCP Connector on port 58862" [_thread_in_native, id=23336, stack(0x000000001d140000,0x000000001d240000)]
  0x000000001bcd2800 JavaThread "Daemon health stats" [_thread_blocked, id=22972, stack(0x000000001cb00000,0x000000001cc00000)]
  0x00000000194f9800 JavaThread "Service Thread" daemon [_thread_blocked, id=8624, stack(0x000000001a160000,0x000000001a260000)]
  0x00000000194db000 JavaThread "C1 CompilerThread3" daemon [_thread_blocked, id=21340, stack(0x000000001a060000,0x000000001a160000)]
=>0x0000000019497000 JavaThread "C2 CompilerThread2" daemon [_thread_in_native, id=15044, stack(0x0000000019f60000,0x000000001a060000)]
  0x000000001769b000 JavaThread "C2 CompilerThread1" daemon [_thread_in_native, id=2652, stack(0x0000000019e60000,0x0000000019f60000)]
  0x0000000019496000 JavaThread "C2 CompilerThread0" daemon [_thread_in_native, id=21040, stack(0x0000000019d60000,0x0000000019e60000)]
  0x0000000019494000 JavaThread "Attach Listener" daemon [_thread_blocked, id=12452, stack(0x0000000019c60000,0x0000000019d60000)]
  0x0000000019492800 JavaThread "Signal Dispatcher" daemon [_thread_blocked, id=12632, stack(0x0000000019b60000,0x0000000019c60000)]
  0x0000000019481000 JavaThread "Finalizer" daemon [_thread_blocked, id=22696, stack(0x0000000019960000,0x0000000019a60000)]
  0x0000000019480800 JavaThread "Reference Handler" daemon [_thread_blocked, id=17440, stack(0x0000000019860000,0x0000000019960000)]
  0x0000000002522800 JavaThread "main" [_thread_blocked, id=17000, stack(0x0000000002420000,0x0000000002520000)]

Other Threads:
  0x0000000017686800 VMThread [stack: 0x0000000019360000,0x0000000019460000] [id=8556]
  0x00000000194fa800 WatcherThread [stack: 0x000000001a260000,0x000000001a360000] [id=3116]

VM state:not at safepoint (normal execution)

VM Mutex/Monitor currently owned by a thread: None

heap address: 0x0000000080000000, size: 2048 MB, Compressed Oops mode: 32-bit
Narrow klass base: 0x0000000000000000, Narrow klass shift: 3
Compressed class space size: 1073741824 Address: 0x0000000100000000

Heap:
 PSYoungGen      total 393728K, used 59673K [0x00000000d5580000, 0x00000000f2480000, 0x0000000100000000)
  eden space 364032K, 8% used [0x00000000d5580000,0x00000000d72c83e8,0x00000000eb900000)
  from space 29696K, 99% used [0x00000000ee600000,0x00000000f02fe3d0,0x00000000f0300000)
  to   space 46080K, 0% used [0x00000000eb900000,0x00000000eb900000,0x00000000ee600000)
 ParOldGen       total 109568K, used 84181K [0x0000000080000000, 0x0000000086b00000, 0x00000000d5580000)
  object space 109568K, 76% used [0x0000000080000000,0x00000000852357a8,0x0000000086b00000)
 Metaspace       used 90694K, capacity 95468K, committed 95656K, reserved 1132544K
  class space    used 12091K, capacity 12957K, committed 12976K, reserved 1048576K

Card table byte_map: [0x00000000119e0000,0x0000000011df0000] byte_map_base: 0x00000000115e0000

Marking Bits: (ParMarkBitMap*) 0x00000000579ef030
 Begin Bits: [0x00000000128a0000, 0x00000000148a0000)
 End Bits:   [0x00000000148a0000, 0x00000000168a0000)

Polling page: 0x0000000000720000

CodeCache: size=245760Kb used=45350Kb max_used=45847Kb free=200409Kb
 bounds [0x0000000002620000, 0x0000000005350000, 0x0000000011620000]
 total_blobs=14043 nmethods=13027 adapters=928
 compilation: enabled

Compilation events (10 events):
Event: 63.552 Thread 0x00000000194db000 15766       3       com.android.tools.r8.code.X::<init> (7 bytes)
Event: 63.553 Thread 0x00000000194db000 nmethod 15766 0x0000000003d24d10 code [0x0000000003d24ec0, 0x0000000003d25468]
Event: 63.553 Thread 0x00000000194db000 15767       3       com.android.tools.r8.v.a.a.a.f.X::b (190 bytes)
Event: 63.555 Thread 0x00000000194db000 nmethod 15767 0x0000000004ac49d0 code [0x0000000004ac4c00, 0x0000000004ac57c8]
Event: 63.569 Thread 0x00000000194db000 15769       3       com.android.tools.r8.code.e::<init> (7 bytes)
Event: 63.570 Thread 0x00000000194db000 nmethod 15769 0x0000000003d24510 code [0x0000000003d246a0, 0x0000000003d24a90]
Event: 63.570 Thread 0x00000000194db000 15770       3       com.android.tools.r8.code.o::<init> (7 bytes)
Event: 63.571 Thread 0x00000000194db000 nmethod 15770 0x00000000032fe790 code [0x00000000032fe960, 0x00000000032ff098]
Event: 63.571 Thread 0x00000000194db000 15771       3       com.android.tools.r8.code.k::<init> (7 bytes)
Event: 63.571 Thread 0x00000000194db000 nmethod 15771 0x000000000471d350 code [0x000000000471d520, 0x000000000471dc58]

GC Heap History (10 events):
Event: 18.738 GC heap before
{Heap before GC invocations=15 (full 3):
 PSYoungGen      total 257536K, used 736K [0x00000000d5580000, 0x00000000e7500000, 0x0000000100000000)
  eden space 235008K, 0% used [0x00000000d5580000,0x00000000d5580000,0x00000000e3b00000)
  from space 22528K, 3% used [0x00000000e5100000,0x00000000e51b8000,0x00000000e6700000)
  to   space 22528K, 0% used [0x00000000e3b00000,0x00000000e3b00000,0x00000000e5100000)
 ParOldGen       total 74752K, used 42688K [0x0000000080000000, 0x0000000084900000, 0x00000000d5580000)
  object space 74752K, 57% used [0x0000000080000000,0x00000000829b00f8,0x0000000084900000)
 Metaspace       used 56936K, capacity 59090K, committed 59160K, reserved 1099776K
  class space    used 7817K, capacity 8300K, committed 8368K, reserved 1048576K
Event: 19.194 GC heap after
Heap after GC invocations=15 (full 3):
 PSYoungGen      total 257536K, used 0K [0x00000000d5580000, 0x00000000e7500000, 0x0000000100000000)
  eden space 235008K, 0% used [0x00000000d5580000,0x00000000d5580000,0x00000000e3b00000)
  from space 22528K, 0% used [0x00000000e5100000,0x00000000e5100000,0x00000000e6700000)
  to   space 22528K, 0% used [0x00000000e3b00000,0x00000000e3b00000,0x00000000e5100000)
 ParOldGen       total 109568K, used 31993K [0x0000000080000000, 0x0000000086b00000, 0x00000000d5580000)
  object space 109568K, 29% used [0x0000000080000000,0x0000000081f3e710,0x0000000086b00000)
 Metaspace       used 56900K, capacity 58964K, committed 59160K, reserved 1099776K
  class space    used 7806K, capacity 8279K, committed 8368K, reserved 1048576K
}
Event: 30.877 GC heap before
{Heap before GC invocations=16 (full 3):
 PSYoungGen      total 257536K, used 235008K [0x00000000d5580000, 0x00000000e7500000, 0x0000000100000000)
  eden space 235008K, 100% used [0x00000000d5580000,0x00000000e3b00000,0x00000000e3b00000)
  from space 22528K, 0% used [0x00000000e5100000,0x00000000e5100000,0x00000000e6700000)
  to   space 22528K, 0% used [0x00000000e3b00000,0x00000000e3b00000,0x00000000e5100000)
 ParOldGen       total 109568K, used 31993K [0x0000000080000000, 0x0000000086b00000, 0x00000000d5580000)
  object space 109568K, 29% used [0x0000000080000000,0x0000000081f3e710,0x0000000086b00000)
 Metaspace       used 65531K, capacity 68464K, committed 68648K, reserved 1107968K
  class space    used 8936K, capacity 9517K, committed 9520K, reserved 1048576K
Event: 31.031 GC heap after
Heap after GC invocations=16 (full 3):
 PSYoungGen      total 257536K, used 22520K [0x00000000d5580000, 0x00000000eb580000, 0x0000000100000000)
  eden space 235008K, 0% used [0x00000000d5580000,0x00000000d5580000,0x00000000e3b00000)
  from space 22528K, 99% used [0x00000000e3b00000,0x00000000e50fe320,0x00000000e5100000)
  to   space 26624K, 0% used [0x00000000e9b80000,0x00000000e9b80000,0x00000000eb580000)
 ParOldGen       total 109568K, used 32490K [0x0000000080000000, 0x0000000086b00000, 0x00000000d5580000)
  object space 109568K, 29% used [0x0000000080000000,0x0000000081fbab88,0x0000000086b00000)
 Metaspace       used 65531K, capacity 68464K, committed 68648K, reserved 1107968K
  class space    used 8936K, capacity 9517K, committed 9520K, reserved 1048576K
}
Event: 41.549 GC heap before
{Heap before GC invocations=17 (full 3):
 PSYoungGen      total 257536K, used 257528K [0x00000000d5580000, 0x00000000eb580000, 0x0000000100000000)
  eden space 235008K, 100% used [0x00000000d5580000,0x00000000e3b00000,0x00000000e3b00000)
  from space 22528K, 99% used [0x00000000e3b00000,0x00000000e50fe320,0x00000000e5100000)
  to   space 26624K, 0% used [0x00000000e9b80000,0x00000000e9b80000,0x00000000eb580000)
 ParOldGen       total 109568K, used 32490K [0x0000000080000000, 0x0000000086b00000, 0x00000000d5580000)
  object space 109568K, 29% used [0x0000000080000000,0x0000000081fbab88,0x0000000086b00000)
 Metaspace       used 70458K, capacity 73546K, committed 73640K, reserved 1112064K
  class space    used 9487K, capacity 10106K, committed 10160K, reserved 1048576K
Event: 41.701 GC heap after
Heap after GC invocations=17 (full 3):
 PSYoungGen      total 321536K, used 9745K [0x00000000d5580000, 0x00000000eae00000, 0x0000000100000000)
  eden space 302592K, 0% used [0x00000000d5580000,0x00000000d5580000,0x00000000e7d00000)
  from space 18944K, 51% used [0x00000000e9b80000,0x00000000ea5046b8,0x00000000eae00000)
  to   space 25088K, 0% used [0x00000000e7d00000,0x00000000e7d00000,0x00000000e9580000)
 ParOldGen       total 109568K, used 50660K [0x0000000080000000, 0x0000000086b00000, 0x00000000d5580000)
  object space 109568K, 46% used [0x0000000080000000,0x0000000083179100,0x0000000086b00000)
 Metaspace       used 70458K, capacity 73546K, committed 73640K, reserved 1112064K
  class space    used 9487K, capacity 10106K, committed 10160K, reserved 1048576K
}
Event: 55.517 GC heap before
{Heap before GC invocations=18 (full 3):
 PSYoungGen      total 321536K, used 312337K [0x00000000d5580000, 0x00000000eae00000, 0x0000000100000000)
  eden space 302592K, 100% used [0x00000000d5580000,0x00000000e7d00000,0x00000000e7d00000)
  from space 18944K, 51% used [0x00000000e9b80000,0x00000000ea5046b8,0x00000000eae00000)
  to   space 25088K, 0% used [0x00000000e7d00000,0x00000000e7d00000,0x00000000e9580000)
 ParOldGen       total 109568K, used 50660K [0x0000000080000000, 0x0000000086b00000, 0x00000000d5580000)
  object space 109568K, 46% used [0x0000000080000000,0x0000000083179100,0x0000000086b00000)
 Metaspace       used 80905K, capacity 84342K, committed 84648K, reserved 1122304K
  class space    used 10711K, capacity 11402K, committed 11440K, reserved 1048576K
Event: 55.614 GC heap after
Heap after GC invocations=18 (full 3):
 PSYoungGen      total 327680K, used 25082K [0x00000000d5580000, 0x00000000f0300000, 0x0000000100000000)
  eden space 302592K, 0% used [0x00000000d5580000,0x00000000d5580000,0x00000000e7d00000)
  from space 25088K, 99% used [0x00000000e7d00000,0x00000000e957e900,0x00000000e9580000)
  to   space 29696K, 0% used [0x00000000ee600000,0x00000000ee600000,0x00000000f0300000)
 ParOldGen       total 109568K, used 52595K [0x0000000080000000, 0x0000000086b00000, 0x00000000d5580000)
  object space 109568K, 48% used [0x0000000080000000,0x000000008335ce58,0x0000000086b00000)
 Metaspace       used 80905K, capacity 84342K, committed 84648K, reserved 1122304K
  class space    used 10711K, capacity 11402K, committed 11440K, reserved 1048576K
}
Event: 62.410 GC heap before
{Heap before GC invocations=19 (full 3):
 PSYoungGen      total 327680K, used 327467K [0x00000000d5580000, 0x00000000f0300000, 0x0000000100000000)
  eden space 302592K, 99% used [0x00000000d5580000,0x00000000e7ccc430,0x00000000e7d00000)
  from space 25088K, 99% used [0x00000000e7d00000,0x00000000e957e900,0x00000000e9580000)
  to   space 29696K, 0% used [0x00000000ee600000,0x00000000ee600000,0x00000000f0300000)
 ParOldGen       total 109568K, used 52595K [0x0000000080000000, 0x0000000086b00000, 0x00000000d5580000)
  object space 109568K, 48% used [0x0000000080000000,0x000000008335ce58,0x0000000086b00000)
 Metaspace       used 90062K, capacity 94740K, committed 94760K, reserved 1130496K
  class space    used 11972K, capacity 12841K, committed 12848K, reserved 1048576K
Event: 62.575 GC heap after
Heap after GC invocations=19 (full 3):
 PSYoungGen      total 393728K, used 29688K [0x00000000d5580000, 0x00000000f2480000, 0x0000000100000000)
  eden space 364032K, 0% used [0x00000000d5580000,0x00000000d5580000,0x00000000eb900000)
  from space 29696K, 99% used [0x00000000ee600000,0x00000000f02fe3d0,0x00000000f0300000)
  to   space 46080K, 0% used [0x00000000eb900000,0x00000000eb900000,0x00000000ee600000)
 ParOldGen       total 109568K, used 84181K [0x0000000080000000, 0x0000000086b00000, 0x00000000d5580000)
  object space 109568K, 76% used [0x0000000080000000,0x00000000852357a8,0x0000000086b00000)
 Metaspace       used 90062K, capacity 94740K, committed 94760K, reserved 1130496K
  class space    used 11972K, capacity 12841K, committed 12848K, reserved 1048576K
}

Deoptimization events (10 events):
Event: 62.652 Thread 0x000000002279b000 Uncommon trap: reason=unstable_if action=reinterpret pc=0x00000000053120b8 method=com.android.tools.r8.s.a.b.m.a.p()Lcom/android/tools/r8/s/a/b/m/b; @ 6
Event: 62.652 Thread 0x000000002279b000 Uncommon trap: reason=unstable_if action=reinterpret pc=0x00000000053135a4 method=com.android.tools.r8.s.a.b.l.d.a(Ljava/lang/Object;Z)Lcom/android/tools/r8/s/a/b/l/f; @ 15
Event: 62.744 Thread 0x000000001f84c000 Uncommon trap: reason=class_check action=maybe_recompile pc=0x0000000004642820 method=com.android.tools.r8.dex.n.a(ILjava/util/function/Supplier;)Ljava/lang/Object; @ 33
Event: 62.748 Thread 0x000000001f848000 Uncommon trap: reason=class_check action=maybe_recompile pc=0x0000000004642820 method=com.android.tools.r8.dex.n.a(ILjava/util/function/Supplier;)Ljava/lang/Object; @ 33
Event: 62.748 Thread 0x000000001f84c000 Uncommon trap: reason=class_check action=maybe_recompile pc=0x0000000004642820 method=com.android.tools.r8.dex.n.a(ILjava/util/function/Supplier;)Ljava/lang/Object; @ 33
Event: 62.749 Thread 0x000000001f847800 Uncommon trap: reason=class_check action=maybe_recompile pc=0x0000000004642820 method=com.android.tools.r8.dex.n.a(ILjava/util/function/Supplier;)Ljava/lang/Object; @ 33
Event: 63.120 Thread 0x000000001f847800 Uncommon trap: reason=unstable_if action=reinterpret pc=0x0000000002f25530 method=java.util.Arrays.hashCode([Ljava/lang/Object;)I @ 1
Event: 63.120 Thread 0x000000001f847800 Uncommon trap: reason=unstable_if action=reinterpret pc=0x00000000033bfd08 method=com.android.tools.r8.graph.e0.c(Lcom/android/tools/r8/graph/e0;)I @ 141
Event: 63.128 Thread 0x000000001f84f800 Uncommon trap: reason=unstable_if action=reinterpret pc=0x0000000003e09210 method=java.util.concurrent.ConcurrentLinkedQueue.offer(Ljava/lang/Object;)Z @ 40
Event: 63.229 Thread 0x000000001f84e000 Uncommon trap: reason=unstable_if action=reinterpret pc=0x00000000048dd604 method=com.android.tools.r8.dex.n.i()Lcom/android/tools/r8/graph/h0; @ 50

Classes redefined (0 events):
No events

Internal exceptions (10 events):
Event: 60.631 Thread 0x000000002279d800 Exception <a 'sun/nio/fs/WindowsException'> (0x00000000e0ad85b8) thrown at [C:\src\AOSP-openjdk-git\hotspot\src\share\vm\prims\jni.cpp, line 710]
Event: 60.634 Thread 0x000000002279d800 Exception <a 'sun/nio/fs/WindowsException'> (0x00000000e0adfcd8) thrown at [C:\src\AOSP-openjdk-git\hotspot\src\share\vm\prims\jni.cpp, line 710]
Event: 60.637 Thread 0x000000002279d800 Exception <a 'sun/nio/fs/WindowsException'> (0x00000000e0d32790) thrown at [C:\src\AOSP-openjdk-git\hotspot\src\share\vm\prims\jni.cpp, line 710]
Event: 60.641 Thread 0x000000002279d800 Exception <a 'sun/nio/fs/WindowsException'> (0x00000000e0d3ad08) thrown at [C:\src\AOSP-openjdk-git\hotspot\src\share\vm\prims\jni.cpp, line 710]
Event: 60.643 Thread 0x000000002279d800 Exception <a 'sun/nio/fs/WindowsException'> (0x00000000e0d432b8) thrown at [C:\src\AOSP-openjdk-git\hotspot\src\share\vm\prims\jni.cpp, line 710]
Event: 60.648 Thread 0x000000002279d800 Exception <a 'sun/nio/fs/WindowsException'> (0x00000000e0d4ed00) thrown at [C:\src\AOSP-openjdk-git\hotspot\src\share\vm\prims\jni.cpp, line 710]
Event: 61.689 Thread 0x000000001e41e800 Exception <a 'java/lang/NoSuchMethodError': <clinit>> (0x00000000e28a7ac8) thrown at [C:\src\AOSP-openjdk-git\hotspot\src\share\vm\prims\jni.cpp, line 1615]
Event: 61.913 Thread 0x000000002279b000 Exception <a 'sun/nio/fs/WindowsException'> (0x00000000e4128640) thrown at [C:\src\AOSP-openjdk-git\hotspot\src\share\vm\prims\jni.cpp, line 710]
Event: 62.122 Thread 0x000000001b571800 Exception <a 'java/io/FileNotFoundException'> (0x00000000e5b624b0) thrown at [C:\src\AOSP-openjdk-git\hotspot\src\share\vm\prims\jni.cpp, line 710]
Event: 63.120 Thread 0x000000001f847800 Implicit null exception at 0x0000000002f2542f to 0x0000000002f25521

Events (10 events):
Event: 63.139 loading class com/android/tools/r8/v/a/a/a/f/b done
Event: 63.142 loading class com/android/tools/r8/graph/E$b$a
Event: 63.142 loading class com/android/tools/r8/graph/E$b$a done
Event: 63.225 loading class com/android/tools/r8/graph/H$e
Event: 63.225 loading class com/android/tools/r8/graph/H$e done
Event: 63.225 loading class com/android/tools/r8/graph/H$e
Event: 63.225 loading class com/android/tools/r8/graph/H$e done
Event: 63.229 Thread 0x000000001f84e000 Uncommon trap: trap_request=0xffffff65 fr.pc=0x00000000048dd604
Event: 63.229 Thread 0x000000001f84e000 DEOPT PACKING pc=0x00000000048dd604 sp=0x000000002c03eb90
Event: 63.229 Thread 0x000000001f84e000 DEOPT UNPACKING pc=0x000000000266557b sp=0x000000002c03eb50 mode 2


Dynamic libraries:
0x00007ff725300000 - 0x00007ff725331000 	C:\Program Files\Android\Android Studio\jre\bin\java.exe
0x00007ffec0270000 - 0x00007ffec0465000 	C:\WINDOWS\SYSTEM32\ntdll.dll
0x00007ffebef80000 - 0x00007ffebf03d000 	C:\WINDOWS\System32\KERNEL32.DLL
0x00007ffebddb0000 - 0x00007ffebe079000 	C:\WINDOWS\System32\KERNELBASE.dll
0x00007ffebf610000 - 0x00007ffebf6bc000 	C:\WINDOWS\System32\ADVAPI32.dll
0x00007ffec0190000 - 0x00007ffec022e000 	C:\WINDOWS\System32\msvcrt.dll
0x00007ffebe4a0000 - 0x00007ffebe53c000 	C:\WINDOWS\System32\sechost.dll
0x00007ffebf3a0000 - 0x00007ffebf4cb000 	C:\WINDOWS\System32\RPCRT4.dll
0x00007ffebf7a0000 - 0x00007ffebf940000 	C:\WINDOWS\System32\USER32.dll
0x00007ffebda50000 - 0x00007ffebda72000 	C:\WINDOWS\System32\win32u.dll
0x00007ffebf770000 - 0x00007ffebf79a000 	C:\WINDOWS\System32\GDI32.dll
0x00007ffebe1c0000 - 0x00007ffebe2cb000 	C:\WINDOWS\System32\gdi32full.dll
0x00007ffebd9b0000 - 0x00007ffebda4d000 	C:\WINDOWS\System32\msvcp_win.dll
0x00007ffebdb50000 - 0x00007ffebdc50000 	C:\WINDOWS\System32\ucrtbase.dll
0x00007ffea7b80000 - 0x00007ffea7e1a000 	C:\WINDOWS\WinSxS\amd64_microsoft.windows.common-controls_6595b64144ccf1df_6.0.19041.844_none_ca00b6081b84eb1d\COMCTL32.dll
0x00007ffebfa60000 - 0x00007ffebfa90000 	C:\WINDOWS\System32\IMM32.DLL
0x00000000570b0000 - 0x0000000057182000 	C:\Program Files\Android\Android Studio\jre\jre\bin\msvcr100.dll
0x0000000057220000 - 0x0000000057a6b000 	C:\Program Files\Android\Android Studio\jre\jre\bin\server\jvm.dll
0x00007ffebe360000 - 0x00007ffebe368000 	C:\WINDOWS\System32\PSAPI.DLL
0x00007ffeabff0000 - 0x00007ffeac017000 	C:\WINDOWS\SYSTEM32\WINMM.dll
0x00007ffea5f00000 - 0x00007ffea5f09000 	C:\WINDOWS\SYSTEM32\WSOCK32.dll
0x00007ffeb6340000 - 0x00007ffeb634a000 	C:\WINDOWS\SYSTEM32\VERSION.dll
0x00007ffebf540000 - 0x00007ffebf5ab000 	C:\WINDOWS\System32\WS2_32.dll
0x00007ffeb75b0000 - 0x00007ffeb75bf000 	C:\Program Files\Android\Android Studio\jre\jre\bin\verify.dll
0x00007ffeab3e0000 - 0x00007ffeab409000 	C:\Program Files\Android\Android Studio\jre\jre\bin\java.dll
0x00007ffeb5320000 - 0x00007ffeb5336000 	C:\Program Files\Android\Android Studio\jre\jre\bin\zip.dll
0x00007ffebe6d0000 - 0x00007ffebee12000 	C:\WINDOWS\System32\SHELL32.dll
0x00007ffebb700000 - 0x00007ffebbe90000 	C:\WINDOWS\SYSTEM32\windows.storage.dll
0x00007ffebf040000 - 0x00007ffebf395000 	C:\WINDOWS\System32\combase.dll
0x00007ffebd350000 - 0x00007ffebd37c000 	C:\WINDOWS\SYSTEM32\Wldp.dll
0x00007ffebeed0000 - 0x00007ffebef7e000 	C:\WINDOWS\System32\SHCORE.dll
0x00007ffebe610000 - 0x00007ffebe665000 	C:\WINDOWS\System32\shlwapi.dll
0x00007ffebd8f0000 - 0x00007ffebd90f000 	C:\WINDOWS\SYSTEM32\profapi.dll
0x00007ffeb5290000 - 0x00007ffeb52aa000 	C:\Program Files\Android\Android Studio\jre\jre\bin\net.dll
0x00007ffebd080000 - 0x00007ffebd0ea000 	C:\WINDOWS\system32\mswsock.dll
0x00007ffeab690000 - 0x00007ffeab6a3000 	C:\Program Files\Android\Android Studio\jre\jre\bin\nio.dll
0x00007ffe8f960000 - 0x00007ffe8f986000 	C:\Users\Nguyen Hoang Thanh A\.gradle\native\31\windows-amd64\native-platform.dll
0x00007ffeab680000 - 0x00007ffeab68d000 	C:\Program Files\Android\Android Studio\jre\jre\bin\management.dll
0x00007ffebd240000 - 0x00007ffebd258000 	C:\WINDOWS\SYSTEM32\CRYPTSP.dll
0x00007ffebca30000 - 0x00007ffebca64000 	C:\WINDOWS\system32\rsaenh.dll
0x00007ffebe0e0000 - 0x00007ffebe107000 	C:\WINDOWS\System32\bcrypt.dll
0x00007ffebd8b0000 - 0x00007ffebd8de000 	C:\WINDOWS\SYSTEM32\USERENV.dll
0x00007ffebda80000 - 0x00007ffebdb00000 	C:\WINDOWS\System32\bcryptprimitives.dll
0x00007ffebd230000 - 0x00007ffebd23c000 	C:\WINDOWS\SYSTEM32\CRYPTBASE.dll
0x00007ffebcd80000 - 0x00007ffebcdbb000 	C:\WINDOWS\SYSTEM32\IPHLPAPI.DLL
0x00007ffebf6c0000 - 0x00007ffebf6c8000 	C:\WINDOWS\System32\NSI.dll
0x00007ffeb5140000 - 0x00007ffeb5157000 	C:\WINDOWS\SYSTEM32\dhcpcsvc6.DLL
0x00007ffeb5120000 - 0x00007ffeb513d000 	C:\WINDOWS\SYSTEM32\dhcpcsvc.DLL
0x00007ffebcdc0000 - 0x00007ffebce8b000 	C:\WINDOWS\SYSTEM32\DNSAPI.dll
0x00007ffea80a0000 - 0x00007ffea80c4000 	C:\Program Files\Android\Android Studio\jre\jre\bin\sunec.dll
0x00007ffeae150000 - 0x00007ffeae15a000 	C:\Windows\System32\rasadhlp.dll
0x00007ffeae170000 - 0x00007ffeae1ef000 	C:\WINDOWS\System32\fwpuclnt.dll
0x00007ffeab640000 - 0x00007ffeab64b000 	C:\Program Files\Android\Android Studio\jre\jre\bin\sunmscapi.dll
0x00007ffebdc50000 - 0x00007ffebddaf000 	C:\WINDOWS\System32\CRYPT32.dll
0x00007ffe87a90000 - 0x00007ffe87c2c000 	C:\Program Files\Android\Android Studio\jre\jre\bin\awt.dll
0x00007ffebe540000 - 0x00007ffebe60d000 	C:\WINDOWS\System32\OLEAUT32.dll
0x00007ffebb230000 - 0x00007ffebb25f000 	C:\WINDOWS\SYSTEM32\dwmapi.dll
0x00007ffeb9bd0000 - 0x00007ffeba190000 	C:\WINDOWS\SYSTEM32\d2d1.dll
0x00007ffebaf60000 - 0x00007ffebaff0000 	C:\WINDOWS\SYSTEM32\apphelp.dll
0x00007ffebb060000 - 0x00007ffebb0fe000 	C:\WINDOWS\system32\uxtheme.dll

VM Arguments:
jvm_args: -Xmx2048m -Dfile.encoding=windows-1252 -Duser.country=US -Duser.language=en -Duser.variant 
java_command: org.gradle.launcher.daemon.bootstrap.GradleDaemon 6.1.1
java_class_path (initial): C:\Users\Nguyen Hoang Thanh A\.gradle\wrapper\dists\gradle-6.1.1-all\cfmwm155h49vnt3hynmlrsdst\gradle-6.1.1\lib\gradle-launcher-6.1.1.jar
Launcher Type: SUN_STANDARD

Environment Variables:
PATH=C:\Program Files (x86)\Common Files\Oracle\Java\javapath;C:\Program Files (x86)\Intel\Intel(R) Management Engine Components\iCLS\;C:\Program Files\Intel\Intel(R) Management Engine Components\iCLS\;C:\WINDOWS\system32;C:\WINDOWS;C:\WINDOWS\System32\Wbem;C:\WINDOWS\System32\WindowsPowerShell\v1.0\;C:\Program Files (x86)\Intel\Intel(R) Management Engine Components\DAL;C:\Program Files\Intel\Intel(R) Management Engine Components\DAL;C:\Program Files (x86)\Intel\Intel(R) Management Engine Components\IPT;C:\Program Files\Intel\Intel(R) Management Engine Components\IPT;C:\WINDOWS\System32\OpenSSH\;C:\Program Files\Microsoft SQL Server\130\Tools\Binn\;C:\Program Files\dotnet\;C:\Windows\system32;C:\Program Files\nodejs\;C:\Program Files\Docker\Docker\resources\bin;C:\ProgramData\DockerDesktop\version-bin;C:\Program Files\Git\cmd;C:\Ruby26-x64\bin;C:\Users\Nguyen Hoang Thanh A\AppData\Local\Programs\Python\Python38-32\Scripts\;C:\Users\Nguyen Hoang Thanh A\AppData\Local\Programs\Python\Python38-32\;C:\Users\Nguyen Hoang Thanh A\AppData\Local\Microsoft\WindowsApps;C:\Users\Nguyen Hoang Thanh A\AppData\Roaming\npm;C:\Users\Nguyen Hoang Thanh A\AppData\Local\GitHubDesktop\bin
USERNAME=Nguyen Hoang Thanh A
OS=Windows_NT
PROCESSOR_IDENTIFIER=Intel64 Family 6 Model 142 Stepping 10, GenuineIntel



---------------  S Y S T E M  ---------------

OS: Windows 10.0 , 64 bit Build 19041 (10.0.19041.804)

CPU:total 8 (initial active 8) (4 cores per cpu, 2 threads per core) family 6 model 142 stepping 10, cmov, cx8, fxsr, mmx, sse, sse2, sse3, ssse3, sse4.1, sse4.2, popcnt, avx, avx2, aes, clmul, erms, 3dnowpref, lzcnt, ht, tsc, tscinvbit, bmi1, bmi2, adx

Memory: 4k page, physical 8283984k(391032k free), swap 14427984k(1264k free)

vm_info: OpenJDK 64-Bit Server VM (25.242-b01) for windows-amd64 JRE (1.8.0_242-release-1644-b01), built by "builder" with MS VC++ 10.0 (VS2010)

time: Mon Apr 05 03:46:11 2021
timezone: SE Asia Standard Time
elapsed time: 63 seconds (0d 0h 1m 3s)

