#
# There is insufficient memory for the Java Runtime Environment to continue.
# Native memory allocation (malloc) failed to allocate 503216 bytes for Chunk::new
# Possible reasons:
#   The system is out of physical RAM or swap space
#   The process is running with CompressedOops enabled, and the Java Heap may be blocking the growth of the native heap
# Possible solutions:
#   Reduce memory load on the system
#   Increase physical memory or swap space
#   Check if swap backing store is full
#   Decrease Java heap size (-Xmx/-Xms)
#   Decrease number of Java threads
#   Decrease Java thread stack sizes (-Xss)
#   Set larger code cache with -XX:ReservedCodeCacheSize=
#   JVM is running with Unscaled Compressed Oops mode in which the Java heap is
#     placed in the first 4GB address space. The Java Heap base address is the
#     maximum limit for the native heap growth. Please use -XX:HeapBaseMinAddress
#     to set the Java Heap base and to place the Java Heap above 4GB virtual address.
# This output file may be truncated or incomplete.
#
#  Out of Memory Error (allocation.cpp:389), pid=13008, tid=0x0000000000003004
#
# JRE version: OpenJDK Runtime Environment (8.0_242-b01) (build 1.8.0_242-release-1644-b01)
# Java VM: OpenJDK 64-Bit Server VM (25.242-b01 mixed mode windows-amd64 compressed oops)
# Failed to write core dump. Minidumps are not enabled by default on client versions of Windows
#

---------------  T H R E A D  ---------------

Current thread (0x0000000019549800):  JavaThread "C2 CompilerThread2" daemon [_thread_in_native, id=12292, stack(0x000000001a010000,0x000000001a110000)]

Stack: [0x000000001a010000,0x000000001a110000]
[error occurred during error reporting (printing stack bounds), id 0xc0000005]

Native frames: (J=compiled Java code, j=interpreted, Vv=VM code, C=native code)


Current CompileTask:
C2: 102112 18520       4       org.gradle.internal.component.model.ComponentAttributeMatcher::isMatching (147 bytes)


---------------  P R O C E S S  ---------------

Java Threads: ( => current thread )
  0x0000000023490000 JavaThread "Build operations Thread 8" [_thread_blocked, id=2528, stack(0x0000000023fe0000,0x00000000240e0000)]
  0x0000000023491800 JavaThread "Build operations Thread 7" [_thread_blocked, id=15532, stack(0x0000000023ee0000,0x0000000023fe0000)]
  0x000000002348f000 JavaThread "Build operations Thread 6" [_thread_blocked, id=12688, stack(0x0000000023de0000,0x0000000023ee0000)]
  0x0000000023496000 JavaThread "Build operations Thread 5" [_thread_blocked, id=16996, stack(0x0000000023ce0000,0x0000000023de0000)]
  0x000000002348e800 JavaThread "Build operations Thread 4" [_thread_blocked, id=12588, stack(0x0000000023be0000,0x0000000023ce0000)]
  0x0000000023490800 JavaThread "Build operations Thread 3" [_thread_blocked, id=17252, stack(0x0000000023ae0000,0x0000000023be0000)]
  0x0000000023495000 JavaThread "Build operations Thread 2" [_thread_blocked, id=15732, stack(0x00000000237d0000,0x00000000238d0000)]
  0x0000000023494800 JavaThread "Build operations" [_thread_blocked, id=2948, stack(0x0000000021e10000,0x0000000021f10000)]
  0x0000000023493800 JavaThread "Cache worker for cache directory md-rule (C:\Users\Nguyen Hoang Thanh A\.gradle\caches\6.1.1\md-rule)" [_thread_blocked, id=2316, stack(0x0000000021d10000,0x0000000021e10000)]
  0x000000002348d800 JavaThread "Cache worker for cache directory md-supplier (C:\Users\Nguyen Hoang Thanh A\.gradle\caches\6.1.1\md-supplier)" [_thread_blocked, id=16312, stack(0x00000000208d0000,0x00000000209d0000)]
  0x0000000023493000 JavaThread "Cache worker for file hash cache (C:\Users\Nguyen Hoang Thanh A\Documents\GitHub\DoAnTotNghiep\.gradle\6.1.1\fileHashes)" [_thread_blocked, id=10676, stack(0x00000000207d0000,0x00000000208d0000)]
  0x0000000023487000 JavaThread "Cache worker for checksums cache (C:\Users\Nguyen Hoang Thanh A\Documents\GitHub\DoAnTotNghiep\.gradle\checksums)" [_thread_blocked, id=14808, stack(0x000000001db30000,0x000000001dc30000)]
  0x000000002348b800 JavaThread "Thread-64" [_thread_blocked, id=16680, stack(0x000000001da30000,0x000000001db30000)]
  0x0000000023489000 JavaThread "Stdin handler" [_thread_blocked, id=8140, stack(0x000000001d930000,0x000000001da30000)]
  0x0000000023488800 JavaThread "Asynchronous log dispatcher for DefaultDaemonConnection: socket connection from /127.0.0.1:55044 to /127.0.0.1:55081" [_thread_blocked, id=3456, stack(0x000000001d630000,0x000000001d730000)]
  0x000000002348a800 JavaThread "Daemon worker Thread 2" [_thread_in_native, id=9440, stack(0x000000001d530000,0x000000001d630000)]
  0x000000002348a000 JavaThread "Cancel handler" [_thread_blocked, id=12584, stack(0x00000000009d0000,0x0000000000ad0000)]
  0x000000002348c000 JavaThread "Handler for socket connection from /127.0.0.1:55044 to /127.0.0.1:55081" [_thread_in_native, id=1392, stack(0x00000000008d0000,0x00000000009d0000)]
  0x000000002348d000 JavaThread "Daemon Thread 2" [_thread_blocked, id=8604, stack(0x00000000006d0000,0x00000000007d0000)]
  0x0000000021236800 JavaThread "Cache worker for Java compile cache (C:\Users\Nguyen Hoang Thanh A\.gradle\caches\6.1.1\javaCompile)" [_thread_blocked, id=12856, stack(0x0000000028ce0000,0x0000000028de0000)]
  0x00000000232aa000 JavaThread "MarlinRenderer Disposer" daemon [_thread_blocked, id=16248, stack(0x0000000029620000,0x0000000029720000)]
  0x00000000232a8800 JavaThread "Java2D Disposer" daemon [_thread_blocked, id=13240, stack(0x00000000294e0000,0x00000000295e0000)]
  0x000000001fb0d800 JavaThread "Cache worker for file content cache (C:\Users\Nguyen Hoang Thanh A\.gradle\caches\6.1.1\fileContent)" [_thread_blocked, id=11212, stack(0x00000000264d0000,0x00000000265d0000)]
  0x000000001fb0e800 JavaThread "Memory manager" [_thread_blocked, id=8440, stack(0x00000000263d0000,0x00000000264d0000)]
  0x000000001c0a2000 JavaThread "Cache worker for execution history cache (C:\Users\Nguyen Hoang Thanh A\.gradle\caches\6.1.1\executionHistory)" [_thread_blocked, id=11792, stack(0x0000000021a10000,0x0000000021b10000)]
  0x000000001c09e800 JavaThread "Cache worker for file hash cache (C:\Users\Nguyen Hoang Thanh A\.gradle\caches\6.1.1\fileHashes)" [_thread_blocked, id=14712, stack(0x000000001e330000,0x000000001e430000)]
  0x000000001c0a4800 JavaThread "File lock request listener" [_thread_in_native, id=15572, stack(0x000000001e230000,0x000000001e330000)]
  0x000000001c12b800 JavaThread "Cache worker for journal cache (C:\Users\Nguyen Hoang Thanh A\.gradle\caches\journal-1)" [_thread_blocked, id=14596, stack(0x000000001e130000,0x000000001e230000)]
  0x000000001c01e000 JavaThread "Daemon periodic checks" [_thread_blocked, id=13696, stack(0x000000001d430000,0x000000001d530000)]
  0x000000001b604000 JavaThread "Incoming local TCP Connector on port 55044" [_thread_in_native, id=5248, stack(0x000000001d1f0000,0x000000001d2f0000)]
  0x000000001bfa1800 JavaThread "Daemon health stats" [_thread_blocked, id=8400, stack(0x000000001cbb0000,0x000000001ccb0000)]
  0x00000000195de000 JavaThread "Service Thread" daemon [_thread_blocked, id=15104, stack(0x000000001a210000,0x000000001a310000)]
  0x000000001954e800 JavaThread "C1 CompilerThread3" daemon [_thread_blocked, id=2108, stack(0x000000001a110000,0x000000001a210000)]
=>0x0000000019549800 JavaThread "C2 CompilerThread2" daemon [_thread_in_native, id=12292, stack(0x000000001a010000,0x000000001a110000)]
  0x0000000019548000 JavaThread "C2 CompilerThread1" daemon [_thread_in_native, id=7012, stack(0x0000000019f10000,0x000000001a010000)]
  0x0000000019546000 JavaThread "C2 CompilerThread0" daemon [_thread_in_native, id=7396, stack(0x0000000019e10000,0x0000000019f10000)]
  0x0000000019540000 JavaThread "Attach Listener" daemon [_thread_blocked, id=8668, stack(0x0000000019d10000,0x0000000019e10000)]
  0x000000001953f000 JavaThread "Signal Dispatcher" daemon [_thread_blocked, id=5524, stack(0x0000000019c10000,0x0000000019d10000)]
  0x00000000026de000 JavaThread "Finalizer" daemon [_thread_blocked, id=9640, stack(0x0000000019a10000,0x0000000019b10000)]
  0x0000000019530800 JavaThread "Reference Handler" daemon [_thread_blocked, id=3544, stack(0x0000000019910000,0x0000000019a10000)]
  0x00000000025e2800 JavaThread "main" [_thread_blocked, id=2188, stack(0x00000000023e0000,0x00000000024e0000)]

Other Threads:
  0x0000000017746800 VMThread [stack: 0x0000000019410000,0x0000000019510000] [id=14580]
  0x00000000195de800 WatcherThread [stack: 0x000000001a310000,0x000000001a410000] [id=5064]

VM state:not at safepoint (normal execution)

VM Mutex/Monitor currently owned by a thread: None

heap address: 0x0000000080000000, size: 2048 MB, Compressed Oops mode: 32-bit
Narrow klass base: 0x0000000000000000, Narrow klass shift: 3
Compressed class space size: 1073741824 Address: 0x0000000100000000

Heap:
 PSYoungGen      total 498176K, used 291466K [0x00000000d5580000, 0x0000000100000000, 0x0000000100000000)
  eden space 398336K, 48% used [0x00000000d5580000,0x00000000e10a5d18,0x00000000eda80000)
  from space 99840K, 99% used [0x00000000eda80000,0x00000000f3bfcca0,0x00000000f3c00000)
  to   space 129024K, 0% used [0x00000000f8200000,0x00000000f8200000,0x0000000100000000)
 ParOldGen       total 310784K, used 228524K [0x0000000080000000, 0x0000000092f80000, 0x00000000d5580000)
  object space 310784K, 73% used [0x0000000080000000,0x000000008df2b0a0,0x0000000092f80000)
 Metaspace       used 96049K, capacity 101736K, committed 101936K, reserved 1136640K
  class space    used 12681K, capacity 13745K, committed 13872K, reserved 1048576K

Card table byte_map: [0x0000000011aa0000,0x0000000011eb0000] byte_map_base: 0x00000000116a0000

Marking Bits: (ParMarkBitMap*) 0x00000000721af030
 Begin Bits: [0x0000000012960000, 0x0000000014960000)
 End Bits:   [0x0000000014960000, 0x0000000016960000)

Polling page: 0x0000000000b90000

CodeCache: size=245760Kb used=49234Kb max_used=49234Kb free=196525Kb
 bounds [0x00000000026e0000, 0x0000000005760000, 0x00000000116e0000]
 total_blobs=15653 nmethods=14662 adapters=903
 compilation: enabled

Compilation events (10 events):
Event: 102.105 Thread 0x000000001954e800 nmethod 18577 0x00000000056b0d10 code [0x00000000056b0ec0, 0x00000000056b1518]
Event: 102.105 Thread 0x000000001954e800 18579       1       org.gradle.internal.Actions::doNothing (4 bytes)
Event: 102.105 Thread 0x000000001954e800 nmethod 18579 0x00000000056ba910 code [0x00000000056baa60, 0x00000000056bab50]
Event: 102.105 Thread 0x000000001954e800 18580       3       org.codehaus.groovy.runtime.MetaClassHelper::getMaximumInterfaceDistance (101 bytes)
Event: 102.106 Thread 0x000000001954e800 nmethod 18580 0x00000000056b9e50 code [0x00000000056ba020, 0x00000000056ba678]
Event: 102.106 Thread 0x000000001954e800 18578       3       groovy.lang.GroovyObjectSupport::getDefaultMetaClass (8 bytes)
Event: 102.106 Thread 0x000000001954e800 nmethod 18578 0x00000000056b3ed0 code [0x00000000056b4060, 0x00000000056b45b8]
Event: 102.108 Thread 0x000000001954e800 18581       3       groovy.lang.MetaClassImpl::pickMethod (12 bytes)
Event: 102.109 Thread 0x000000001954e800 nmethod 18581 0x00000000056b3290 code [0x00000000056b3440, 0x00000000056b3c08]
Event: 102.109 Thread 0x000000001954e800 18582       3       groovy.lang.MetaClassImpl::getMethodWithoutCaching (34 bytes)

GC Heap History (10 events):
Event: 17.961 GC heap before
{Heap before GC invocations=21 (full 4):
 PSYoungGen      total 375296K, used 372567K [0x00000000d5580000, 0x00000000f4100000, 0x0000000100000000)
  eden space 293376K, 100% used [0x00000000d5580000,0x00000000e7400000,0x00000000e7400000)
  from space 81920K, 96% used [0x00000000ed180000,0x00000000f1ed5fe8,0x00000000f2180000)
  to   space 95744K, 0% used [0x00000000e7400000,0x00000000e7400000,0x00000000ed180000)
 ParOldGen       total 310784K, used 173596K [0x0000000080000000, 0x0000000092f80000, 0x00000000d5580000)
  object space 310784K, 55% used [0x0000000080000000,0x000000008a987150,0x0000000092f80000)
 Metaspace       used 67061K, capacity 69728K, committed 70960K, reserved 1110016K
  class space    used 8953K, capacity 9537K, committed 9776K, reserved 1048576K
Event: 18.041 GC heap after
Heap after GC invocations=21 (full 4):
 PSYoungGen      total 389120K, used 91008K [0x00000000d5580000, 0x00000000f8a80000, 0x0000000100000000)
  eden space 293376K, 0% used [0x00000000d5580000,0x00000000d5580000,0x00000000e7400000)
  from space 95744K, 95% used [0x00000000e7400000,0x00000000ecce0140,0x00000000ed180000)
  to   space 111616K, 0% used [0x00000000f1d80000,0x00000000f1d80000,0x00000000f8a80000)
 ParOldGen       total 310784K, used 199204K [0x0000000080000000, 0x0000000092f80000, 0x00000000d5580000)
  object space 310784K, 64% used [0x0000000080000000,0x000000008c289170,0x0000000092f80000)
 Metaspace       used 67061K, capacity 69728K, committed 70960K, reserved 1110016K
  class space    used 8953K, capacity 9537K, committed 9776K, reserved 1048576K
}
Event: 19.460 GC heap before
{Heap before GC invocations=22 (full 4):
 PSYoungGen      total 389120K, used 384384K [0x00000000d5580000, 0x00000000f8a80000, 0x0000000100000000)
  eden space 293376K, 100% used [0x00000000d5580000,0x00000000e7400000,0x00000000e7400000)
  from space 95744K, 95% used [0x00000000e7400000,0x00000000ecce0140,0x00000000ed180000)
  to   space 111616K, 0% used [0x00000000f1d80000,0x00000000f1d80000,0x00000000f8a80000)
 ParOldGen       total 310784K, used 199208K [0x0000000080000000, 0x0000000092f80000, 0x00000000d5580000)
  object space 310784K, 64% used [0x0000000080000000,0x000000008c28a228,0x0000000092f80000)
 Metaspace       used 67124K, capacity 69856K, committed 71216K, reserved 1110016K
  class space    used 8954K, capacity 9537K, committed 9776K, reserved 1048576K
Event: 19.465 GC heap after
Heap after GC invocations=22 (full 4):
 PSYoungGen      total 449536K, used 480K [0x00000000d5580000, 0x00000000f8080000, 0x0000000100000000)
  eden space 348160K, 0% used [0x00000000d5580000,0x00000000d5580000,0x00000000ea980000)
  from space 101376K, 0% used [0x00000000f1d80000,0x00000000f1df8000,0x00000000f8080000)
  to   space 110080K, 0% used [0x00000000ea980000,0x00000000ea980000,0x00000000f1500000)
 ParOldGen       total 310784K, used 200336K [0x0000000080000000, 0x0000000092f80000, 0x00000000d5580000)
  object space 310784K, 64% used [0x0000000080000000,0x000000008c3a4358,0x0000000092f80000)
 Metaspace       used 67124K, capacity 69856K, committed 71216K, reserved 1110016K
  class space    used 8954K, capacity 9537K, committed 9776K, reserved 1048576K
}
Event: 25.497 GC heap before
{Heap before GC invocations=23 (full 4):
 PSYoungGen      total 449536K, used 348640K [0x00000000d5580000, 0x00000000f8080000, 0x0000000100000000)
  eden space 348160K, 100% used [0x00000000d5580000,0x00000000ea980000,0x00000000ea980000)
  from space 101376K, 0% used [0x00000000f1d80000,0x00000000f1df8000,0x00000000f8080000)
  to   space 110080K, 0% used [0x00000000ea980000,0x00000000ea980000,0x00000000f1500000)
 ParOldGen       total 310784K, used 200336K [0x0000000080000000, 0x0000000092f80000, 0x00000000d5580000)
  object space 310784K, 64% used [0x0000000080000000,0x000000008c3a4358,0x0000000092f80000)
 Metaspace       used 72738K, capacity 75718K, committed 76464K, reserved 1116160K
  class space    used 9624K, capacity 10266K, committed 10416K, reserved 1048576K
Event: 25.506 GC heap after
Heap after GC invocations=23 (full 4):
 PSYoungGen      total 458240K, used 11155K [0x00000000d5580000, 0x00000000faf80000, 0x0000000100000000)
  eden space 348160K, 0% used [0x00000000d5580000,0x00000000d5580000,0x00000000ea980000)
  from space 110080K, 10% used [0x00000000ea980000,0x00000000eb464ef8,0x00000000f1500000)
  to   space 106496K, 0% used [0x00000000f4780000,0x00000000f4780000,0x00000000faf80000)
 ParOldGen       total 310784K, used 200344K [0x0000000080000000, 0x0000000092f80000, 0x00000000d5580000)
  object space 310784K, 64% used [0x0000000080000000,0x000000008c3a6358,0x0000000092f80000)
 Metaspace       used 72738K, capacity 75718K, committed 76464K, reserved 1116160K
  class space    used 9624K, capacity 10266K, committed 10416K, reserved 1048576K
}
Event: 29.221 GC heap before
{Heap before GC invocations=24 (full 4):
 PSYoungGen      total 458240K, used 359315K [0x00000000d5580000, 0x00000000faf80000, 0x0000000100000000)
  eden space 348160K, 100% used [0x00000000d5580000,0x00000000ea980000,0x00000000ea980000)
  from space 110080K, 10% used [0x00000000ea980000,0x00000000eb464ef8,0x00000000f1500000)
  to   space 106496K, 0% used [0x00000000f4780000,0x00000000f4780000,0x00000000faf80000)
 ParOldGen       total 310784K, used 200344K [0x0000000080000000, 0x0000000092f80000, 0x00000000d5580000)
  object space 310784K, 64% used [0x0000000080000000,0x000000008c3a6358,0x0000000092f80000)
 Metaspace       used 87661K, capacity 92760K, committed 92848K, reserved 1130496K
  class space    used 11694K, capacity 12661K, committed 12720K, reserved 1048576K
Event: 29.256 GC heap after
Heap after GC invocations=24 (full 4):
 PSYoungGen      total 486400K, used 26990K [0x00000000d5580000, 0x00000000f9d80000, 0x0000000100000000)
  eden space 398336K, 0% used [0x00000000d5580000,0x00000000d5580000,0x00000000eda80000)
  from space 88064K, 30% used [0x00000000f4780000,0x00000000f61dbbe0,0x00000000f9d80000)
  to   space 99840K, 0% used [0x00000000eda80000,0x00000000eda80000,0x00000000f3c00000)
 ParOldGen       total 310784K, used 200360K [0x0000000080000000, 0x0000000092f80000, 0x00000000d5580000)
  object space 310784K, 64% used [0x0000000080000000,0x000000008c3aa358,0x0000000092f80000)
 Metaspace       used 87661K, capacity 92760K, committed 92848K, reserved 1130496K
  class space    used 11694K, capacity 12661K, committed 12720K, reserved 1048576K
}
Event: 32.294 GC heap before
{Heap before GC invocations=25 (full 4):
 PSYoungGen      total 486400K, used 425326K [0x00000000d5580000, 0x00000000f9d80000, 0x0000000100000000)
  eden space 398336K, 100% used [0x00000000d5580000,0x00000000eda80000,0x00000000eda80000)
  from space 88064K, 30% used [0x00000000f4780000,0x00000000f61dbbe0,0x00000000f9d80000)
  to   space 99840K, 0% used [0x00000000eda80000,0x00000000eda80000,0x00000000f3c00000)
 ParOldGen       total 310784K, used 200360K [0x0000000080000000, 0x0000000092f80000, 0x00000000d5580000)
  object space 310784K, 64% used [0x0000000080000000,0x000000008c3aa358,0x0000000092f80000)
 Metaspace       used 89248K, capacity 94552K, committed 94896K, reserved 1130496K
  class space    used 11908K, capacity 12883K, committed 12976K, reserved 1048576K
Event: 32.474 GC heap after
Heap after GC invocations=25 (full 4):
 PSYoungGen      total 498176K, used 99827K [0x00000000d5580000, 0x0000000100000000, 0x0000000100000000)
  eden space 398336K, 0% used [0x00000000d5580000,0x00000000d5580000,0x00000000eda80000)
  from space 99840K, 99% used [0x00000000eda80000,0x00000000f3bfcca0,0x00000000f3c00000)
  to   space 129024K, 0% used [0x00000000f8200000,0x00000000f8200000,0x0000000100000000)
 ParOldGen       total 310784K, used 228524K [0x0000000080000000, 0x0000000092f80000, 0x00000000d5580000)
  object space 310784K, 73% used [0x0000000080000000,0x000000008df2b0a0,0x0000000092f80000)
 Metaspace       used 89248K, capacity 94552K, committed 94896K, reserved 1130496K
  class space    used 11908K, capacity 12883K, committed 12976K, reserved 1048576K
}

Deoptimization events (10 events):
Event: 101.789 Thread 0x000000002348a800 Uncommon trap: reason=class_check action=maybe_recompile pc=0x0000000002b99ad8 method=org.gradle.internal.work.DefaultWorkerLeaseService$WorkerLeaseLockRegistry.getResourceLock(Lorg/gradle/internal/work/DefaultWorkerLeaseService$LeaseHolder;ILjava/lang/Th
Event: 101.790 Thread 0x000000002348a800 Uncommon trap: reason=class_check action=maybe_recompile pc=0x0000000004440528 method=org.gradle.internal.work.DefaultWorkerLeaseService$DefaultWorkerLease.acquireLock()Z @ 4
Event: 101.810 Thread 0x000000002348a800 Uncommon trap: reason=class_check action=maybe_recompile pc=0x0000000003755370 method=org.gradle.internal.resources.AbstractResourceLockRegistry.createResourceLock(Ljava/lang/Object;Lorg/gradle/internal/resources/AbstractResourceLockRegistry$ResourceLockP
Event: 101.825 Thread 0x000000002348a800 Uncommon trap: reason=unstable_if action=reinterpret pc=0x0000000003f70030 method=org.gradle.cache.internal.DefaultCrossBuildInMemoryCacheFactory$AbstractCrossBuildInMemoryCache.getIfPresent(Ljava/lang/Object;)Ljava/lang/Object; @ 24
Event: 101.873 Thread 0x000000002348a800 Uncommon trap: reason=null_check action=make_not_entrant pc=0x00000000046dd398 method=org.gradle.internal.action.InstantiatingAction.execute(Ljava/lang/Object;)V @ 52
Event: 102.011 Thread 0x000000002348a800 Uncommon trap: reason=bimorphic action=maybe_recompile pc=0x0000000004760064 method=org.gradle.api.internal.attributes.DefaultAttributesSchema$MergedSchema.matchValue(Lorg/gradle/api/attributes/Attribute;Ljava/lang/Object;Ljava/lang/Object;)Z @ 2
Event: 102.012 Thread 0x000000002348a800 Uncommon trap: reason=unstable_if action=reinterpret pc=0x0000000004985650 method=org.gradle.internal.component.model.ComponentAttributeMatcher.match(Lorg/gradle/internal/component/model/AttributeSelectionSchema;Ljava/util/Collection;Lorg/gradle/api/inter
Event: 102.013 Thread 0x000000002348a800 Uncommon trap: reason=bimorphic action=maybe_recompile pc=0x0000000004760064 method=org.gradle.api.internal.attributes.DefaultAttributesSchema$MergedSchema.matchValue(Lorg/gradle/api/attributes/Attribute;Ljava/lang/Object;Ljava/lang/Object;)Z @ 2
Event: 102.013 Thread 0x000000002348a800 Uncommon trap: reason=bimorphic action=maybe_recompile pc=0x0000000004760064 method=org.gradle.api.internal.attributes.DefaultAttributesSchema$MergedSchema.matchValue(Lorg/gradle/api/attributes/Attribute;Ljava/lang/Object;Ljava/lang/Object;)Z @ 2
Event: 102.013 Thread 0x000000002348a800 Uncommon trap: reason=bimorphic action=maybe_recompile pc=0x0000000004760064 method=org.gradle.api.internal.attributes.DefaultAttributesSchema$MergedSchema.matchValue(Lorg/gradle/api/attributes/Attribute;Ljava/lang/Object;Ljava/lang/Object;)Z @ 2

Classes redefined (0 events):
No events

Internal exceptions (10 events):
Event: 34.905 Thread 0x000000001b85f000 Exception <a 'java/lang/NoSuchMethodError': <clinit>> (0x00000000df2eede8) thrown at [C:\src\AOSP-openjdk-git\hotspot\src\share\vm\prims\jni.cpp, line 1615]
Event: 34.905 Thread 0x000000001b85f000 Exception <a 'java/lang/NoSuchMethodError': <clinit>> (0x00000000df2fa370) thrown at [C:\src\AOSP-openjdk-git\hotspot\src\share\vm\prims\jni.cpp, line 1615]
Event: 34.906 Thread 0x000000001b85f000 Exception <a 'java/lang/NoSuchMethodError': <clinit>> (0x00000000df304e70) thrown at [C:\src\AOSP-openjdk-git\hotspot\src\share\vm\prims\jni.cpp, line 1615]
Event: 34.907 Thread 0x000000001b85f000 Exception <a 'java/lang/NoSuchMethodError': <clinit>> (0x00000000df31ead0) thrown at [C:\src\AOSP-openjdk-git\hotspot\src\share\vm\prims\jni.cpp, line 1615]
Event: 34.908 Thread 0x000000001b85f000 Exception <a 'java/lang/NoSuchMethodError': <clinit>> (0x00000000df32f638) thrown at [C:\src\AOSP-openjdk-git\hotspot\src\share\vm\prims\jni.cpp, line 1615]
Event: 101.784 Thread 0x000000002348a800 Implicit null exception at 0x0000000005594a8b to 0x000000000559adc5
Event: 101.784 Thread 0x000000002348a800 Implicit null exception at 0x000000000437722c to 0x0000000004377275
Event: 101.785 Thread 0x000000002348a800 Implicit null exception at 0x000000000463ccbe to 0x000000000463d674
Event: 101.785 Thread 0x000000002348a800 Implicit null exception at 0x0000000005559337 to 0x000000000555dc8d
Event: 101.873 Thread 0x000000002348a800 Implicit null exception at 0x00000000046daf01 to 0x00000000046dd34d

Events (10 events):
Event: 102.014 Thread 0x0000000023494800 Thread added: 0x0000000023494800
Event: 102.014 Thread 0x0000000023495000 Thread added: 0x0000000023495000
Event: 102.015 Thread 0x0000000023490800 Thread added: 0x0000000023490800
Event: 102.016 Thread 0x000000002348e800 Thread added: 0x000000002348e800
Event: 102.017 Thread 0x0000000023496000 Thread added: 0x0000000023496000
Event: 102.018 Thread 0x000000002348f000 Thread added: 0x000000002348f000
Event: 102.018 Thread 0x0000000023491800 Thread added: 0x0000000023491800
Event: 102.018 Thread 0x0000000023490000 Thread added: 0x0000000023490000
Event: 102.019 Executing VM operation: RevokeBias
Event: 102.020 Executing VM operation: RevokeBias done


Dynamic libraries:
0x00007ff7afba0000 - 0x00007ff7afbd1000 	C:\Program Files\Android\Android Studio\jre\bin\java.exe
0x00007fff076d0000 - 0x00007fff078c5000 	C:\WINDOWS\SYSTEM32\ntdll.dll
0x00007ffed58e0000 - 0x00007ffed58f3000 	C:\Program Files\Avast Software\Avast\aswhook.dll
0x00007fff06560000 - 0x00007fff0661d000 	C:\WINDOWS\System32\KERNEL32.DLL
0x00007fff04f70000 - 0x00007fff05238000 	C:\WINDOWS\System32\KERNELBASE.dll
0x00007fff075e0000 - 0x00007fff0768c000 	C:\WINDOWS\System32\ADVAPI32.dll
0x00007fff074c0000 - 0x00007fff0755e000 	C:\WINDOWS\System32\msvcrt.dll
0x00007fff07110000 - 0x00007fff071ab000 	C:\WINDOWS\System32\sechost.dll
0x00007fff06400000 - 0x00007fff0652b000 	C:\WINDOWS\System32\RPCRT4.dll
0x00007fff06620000 - 0x00007fff067c0000 	C:\WINDOWS\System32\USER32.dll
0x00007fff04e10000 - 0x00007fff04e32000 	C:\WINDOWS\System32\win32u.dll
0x00007fff06530000 - 0x00007fff0655a000 	C:\WINDOWS\System32\GDI32.dll
0x00007fff05370000 - 0x00007fff0547b000 	C:\WINDOWS\System32\gdi32full.dll
0x00007fff05530000 - 0x00007fff055cd000 	C:\WINDOWS\System32\msvcp_win.dll
0x00007fff04e40000 - 0x00007fff04f40000 	C:\WINDOWS\System32\ucrtbase.dll
0x00007ffeee4f0000 - 0x00007ffeee78a000 	C:\WINDOWS\WinSxS\amd64_microsoft.windows.common-controls_6595b64144ccf1df_6.0.19041.844_none_ca00b6081b84eb1d\COMCTL32.dll
0x00007fff06070000 - 0x00007fff060a0000 	C:\WINDOWS\System32\IMM32.DLL
0x0000000071780000 - 0x0000000071852000 	C:\Program Files\Android\Android Studio\jre\jre\bin\msvcr100.dll
0x00000000719e0000 - 0x000000007222b000 	C:\Program Files\Android\Android Studio\jre\jre\bin\server\jvm.dll
0x00007fff068f0000 - 0x00007fff068f8000 	C:\WINDOWS\System32\PSAPI.DLL
0x00007ffeecbf0000 - 0x00007ffeecbf9000 	C:\WINDOWS\SYSTEM32\WSOCK32.dll
0x00007ffef1780000 - 0x00007ffef17a7000 	C:\WINDOWS\SYSTEM32\WINMM.dll
0x00007ffefd2d0000 - 0x00007ffefd2da000 	C:\WINDOWS\SYSTEM32\VERSION.dll
0x00007fff06880000 - 0x00007fff068eb000 	C:\WINDOWS\System32\WS2_32.dll
0x00007ffef2190000 - 0x00007ffef219f000 	C:\Program Files\Android\Android Studio\jre\jre\bin\verify.dll
0x00007ffed2b20000 - 0x00007ffed2b49000 	C:\Program Files\Android\Android Studio\jre\jre\bin\java.dll
0x00007ffed2b00000 - 0x00007ffed2b16000 	C:\Program Files\Android\Android Studio\jre\jre\bin\zip.dll
0x00007fff05920000 - 0x00007fff06062000 	C:\WINDOWS\System32\SHELL32.dll
0x00007fff02b40000 - 0x00007fff032d1000 	C:\WINDOWS\SYSTEM32\windows.storage.dll
0x00007fff060a0000 - 0x00007fff063f5000 	C:\WINDOWS\System32\combase.dll
0x00007fff04790000 - 0x00007fff047bc000 	C:\WINDOWS\SYSTEM32\Wldp.dll
0x00007fff067d0000 - 0x00007fff0687e000 	C:\WINDOWS\System32\SHCORE.dll
0x00007fff05730000 - 0x00007fff05785000 	C:\WINDOWS\System32\shlwapi.dll
0x00007fff04d50000 - 0x00007fff04d6f000 	C:\WINDOWS\SYSTEM32\profapi.dll
0x00007ffed2a20000 - 0x00007ffed2a3a000 	C:\Program Files\Android\Android Studio\jre\jre\bin\net.dll
0x00007fff044c0000 - 0x00007fff0452a000 	C:\WINDOWS\system32\mswsock.dll
0x00007ffed2a00000 - 0x00007ffed2a13000 	C:\Program Files\Android\Android Studio\jre\jre\bin\nio.dll
0x00007ffed4130000 - 0x00007ffed4156000 	C:\Users\Nguyen Hoang Thanh A\.gradle\native\31\windows-amd64\native-platform.dll
0x00007ffef1000000 - 0x00007ffef100d000 	C:\Program Files\Android\Android Studio\jre\jre\bin\management.dll
0x00007fff04650000 - 0x00007fff04668000 	C:\WINDOWS\SYSTEM32\CRYPTSP.dll
0x00007fff03e80000 - 0x00007fff03eb4000 	C:\WINDOWS\system32\rsaenh.dll
0x00007fff04f40000 - 0x00007fff04f67000 	C:\WINDOWS\System32\bcrypt.dll
0x00007fff04d10000 - 0x00007fff04d3e000 	C:\WINDOWS\SYSTEM32\USERENV.dll
0x00007fff052f0000 - 0x00007fff05370000 	C:\WINDOWS\System32\bcryptprimitives.dll
0x00007fff04670000 - 0x00007fff0467c000 	C:\WINDOWS\SYSTEM32\CRYPTBASE.dll
0x00007fff041d0000 - 0x00007fff0420b000 	C:\WINDOWS\SYSTEM32\IPHLPAPI.DLL
0x00007fff069c0000 - 0x00007fff069c8000 	C:\WINDOWS\System32\NSI.dll
0x00007ffefc250000 - 0x00007ffefc267000 	C:\WINDOWS\SYSTEM32\dhcpcsvc6.DLL
0x00007ffefc230000 - 0x00007ffefc24d000 	C:\WINDOWS\SYSTEM32\dhcpcsvc.DLL
0x00007fff04210000 - 0x00007fff042dc000 	C:\WINDOWS\SYSTEM32\DNSAPI.dll
0x00007ffebb200000 - 0x00007ffebb39c000 	C:\Program Files\Android\Android Studio\jre\jre\bin\awt.dll
0x00007fff071b0000 - 0x00007fff0727d000 	C:\WINDOWS\System32\OLEAUT32.dll
0x00007fff02850000 - 0x00007fff0287f000 	C:\WINDOWS\SYSTEM32\dwmapi.dll
0x00007fff00fe0000 - 0x00007fff015a0000 	C:\WINDOWS\SYSTEM32\d2d1.dll
0x00007fff023a0000 - 0x00007fff02430000 	C:\WINDOWS\SYSTEM32\apphelp.dll
0x00007fff024a0000 - 0x00007fff0253e000 	C:\WINDOWS\system32\uxtheme.dll

VM Arguments:
jvm_args: -Xmx2048m -Dfile.encoding=windows-1252 -Duser.country=US -Duser.language=en -Duser.variant 
java_command: org.gradle.launcher.daemon.bootstrap.GradleDaemon 6.1.1
java_class_path (initial): C:\Users\Nguyen Hoang Thanh A\.gradle\wrapper\dists\gradle-6.1.1-all\cfmwm155h49vnt3hynmlrsdst\gradle-6.1.1\lib\gradle-launcher-6.1.1.jar
Launcher Type: SUN_STANDARD

Environment Variables:
PATH=C:\Program Files (x86)\Common Files\Oracle\Java\javapath;C:\Program Files (x86)\Intel\Intel(R) Management Engine Components\iCLS\;C:\Program Files\Intel\Intel(R) Management Engine Components\iCLS\;C:\WINDOWS\system32;C:\WINDOWS;C:\WINDOWS\System32\Wbem;C:\WINDOWS\System32\WindowsPowerShell\v1.0\;C:\Program Files (x86)\Intel\Intel(R) Management Engine Components\DAL;C:\Program Files\Intel\Intel(R) Management Engine Components\DAL;C:\Program Files (x86)\Intel\Intel(R) Management Engine Components\IPT;C:\Program Files\Intel\Intel(R) Management Engine Components\IPT;C:\WINDOWS\System32\OpenSSH\;C:\Program Files\Microsoft SQL Server\130\Tools\Binn\;C:\Program Files\dotnet\;C:\Windows\system32;C:\Program Files\nodejs\;C:\Program Files\Docker\Docker\resources\bin;C:\ProgramData\DockerDesktop\version-bin;C:\Program Files\Git\cmd;C:\Ruby26-x64\bin;C:\Users\Nguyen Hoang Thanh A\AppData\Local\Programs\Python\Python38-32\Scripts\;C:\Users\Nguyen Hoang Thanh A\AppData\Local\Programs\Python\Python38-32\;C:\Users\Nguyen Hoang Thanh A\AppData\Local\Microsoft\WindowsApps;C:\Users\Nguyen Hoang Thanh A\AppData\Roaming\npm;C:\Users\Nguyen Hoang Thanh A\AppData\Local\GitHubDesktop\bin
USERNAME=Nguyen Hoang Thanh A
OS=Windows_NT
PROCESSOR_IDENTIFIER=Intel64 Family 6 Model 142 Stepping 10, GenuineIntel



---------------  S Y S T E M  ---------------

OS: Windows 10.0 , 64 bit Build 19041 (10.0.19041.928)

CPU:total 8 (initial active 8) (4 cores per cpu, 2 threads per core) family 6 model 142 stepping 10, cmov, cx8, fxsr, mmx, sse, sse2, sse3, ssse3, sse4.1, sse4.2, popcnt, avx, avx2, aes, clmul, erms, 3dnowpref, lzcnt, ht, tsc, tscinvbit, bmi1, bmi2, adx

Memory: 4k page, physical 8283984k(317292k free), swap 14427984k(344k free)

vm_info: OpenJDK 64-Bit Server VM (25.242-b01) for windows-amd64 JRE (1.8.0_242-release-1644-b01), built by "builder" with MS VC++ 10.0 (VS2010)

time: Sun Apr 25 10:22:36 2021
timezone: SE Asia Standard Time
elapsed time: 102 seconds (0d 0h 1m 42s)

